{"/home/travis/build/npmtest/node-npmtest-strong-supervisor/test.js":{"path":"/home/travis/build/npmtest/node-npmtest-strong-supervisor/test.js","s":{"1":2,"2":2,"3":2,"4":2,"5":2,"6":2,"7":2,"8":1,"9":2,"10":2,"11":1,"12":1,"13":1,"14":1,"15":2,"16":2,"17":2,"18":2,"19":1,"20":1,"21":2,"22":2,"23":2,"24":1,"25":1,"26":1,"27":1,"28":1,"29":1,"30":1,"31":1,"32":1,"33":1,"34":1,"35":1,"36":1,"37":1,"38":1,"39":2,"40":2,"41":1,"42":2,"43":2,"44":1,"45":2,"46":2,"47":1,"48":2,"49":2,"50":1,"51":1,"52":1,"53":1,"54":1},"b":{"1":[2,1,1,1],"2":[1,1,1,1],"3":[1,1],"4":[1,1],"5":[1,1],"6":[1,1],"7":[1,1],"8":[1,1],"9":[1,1],"10":[1,1,1],"11":[1,1],"12":[1,1],"13":[1,1],"14":[1,1],"15":[1,1],"16":[1,1],"17":[1,1]},"f":{"1":2,"2":2,"3":2,"4":2,"5":2,"6":1,"7":1,"8":1,"9":2,"10":2,"11":2,"12":2,"13":1},"fnMap":{"1":{"name":"(anonymous_1)","line":12,"loc":{"start":{"line":12,"column":1},"end":{"line":12,"column":13}}},"2":{"name":"(anonymous_2)","line":19,"loc":{"start":{"line":19,"column":5},"end":{"line":19,"column":17}}},"3":{"name":"(anonymous_3)","line":23,"loc":{"start":{"line":23,"column":24},"end":{"line":23,"column":36}}},"4":{"name":"(anonymous_4)","line":61,"loc":{"start":{"line":61,"column":5},"end":{"line":61,"column":17}}},"5":{"name":"(anonymous_5)","line":82,"loc":{"start":{"line":82,"column":5},"end":{"line":82,"column":17}}},"6":{"name":"(anonymous_6)","line":91,"loc":{"start":{"line":91,"column":77},"end":{"line":94,"column":10}}},"7":{"name":"(anonymous_7)","line":112,"loc":{"start":{"line":112,"column":83},"end":{"line":115,"column":10}},"skip":true},"8":{"name":"(anonymous_8)","line":123,"loc":{"start":{"line":123,"column":77},"end":{"line":126,"column":10}},"skip":true},"9":{"name":"(anonymous_9)","line":139,"loc":{"start":{"line":139,"column":12},"end":{"line":139,"column":40}},"skip":true},"10":{"name":"(anonymous_10)","line":147,"loc":{"start":{"line":147,"column":77},"end":{"line":150,"column":10}},"skip":true},"11":{"name":"(anonymous_11)","line":158,"loc":{"start":{"line":158,"column":83},"end":{"line":161,"column":10}},"skip":true},"12":{"name":"(anonymous_12)","line":169,"loc":{"start":{"line":169,"column":79},"end":{"line":172,"column":10}},"skip":true},"13":{"name":"(anonymous_13)","line":180,"loc":{"start":{"line":180,"column":75},"end":{"line":183,"column":10}},"skip":true}},"statementMap":{"1":{"start":{"line":12,"column":0},"end":{"line":195,"column":5}},"2":{"start":{"line":14,"column":4},"end":{"line":14,"column":14}},"3":{"start":{"line":19,"column":4},"end":{"line":56,"column":9}},"4":{"start":{"line":21,"column":8},"end":{"line":21,"column":19}},"5":{"start":{"line":23,"column":8},"end":{"line":35,"column":13}},"6":{"start":{"line":24,"column":12},"end":{"line":34,"column":13}},"7":{"start":{"line":25,"column":16},"end":{"line":28,"column":30}},"8":{"start":{"line":30,"column":16},"end":{"line":33,"column":27}},"9":{"start":{"line":37,"column":8},"end":{"line":39,"column":21}},"10":{"start":{"line":40,"column":8},"end":{"line":53,"column":9}},"11":{"start":{"line":43,"column":12},"end":{"line":46,"column":14}},"12":{"start":{"line":47,"column":12},"end":{"line":47,"column":18}},"13":{"start":{"line":50,"column":12},"end":{"line":51,"column":46}},"14":{"start":{"line":52,"column":12},"end":{"line":52,"column":18}},"15":{"start":{"line":55,"column":8},"end":{"line":55,"column":35}},"16":{"start":{"line":61,"column":4},"end":{"line":63,"column":9}},"17":{"start":{"line":62,"column":8},"end":{"line":62,"column":15}},"18":{"start":{"line":64,"column":4},"end":{"line":77,"column":5}},"19":{"start":{"line":70,"column":8},"end":{"line":70,"column":14}},"20":{"start":{"line":76,"column":8},"end":{"line":76,"column":14}},"21":{"start":{"line":82,"column":4},"end":{"line":84,"column":9}},"22":{"start":{"line":83,"column":8},"end":{"line":83,"column":15}},"23":{"start":{"line":85,"column":4},"end":{"line":194,"column":5}},"24":{"start":{"line":91,"column":8},"end":{"line":99,"column":10}},"25":{"start":{"line":98,"column":12},"end":{"line":98,"column":35}},"26":{"start":{"line":102,"column":8},"end":{"line":104,"column":63}},"27":{"start":{"line":105,"column":8},"end":{"line":105,"column":14}},"28":{"start":{"line":112,"column":8},"end":{"line":121,"column":10},"skip":true},"29":{"start":{"line":119,"column":12},"end":{"line":119,"column":55},"skip":true},"30":{"start":{"line":120,"column":12},"end":{"line":120,"column":48},"skip":true},"31":{"start":{"line":123,"column":8},"end":{"line":136,"column":10},"skip":true},"32":{"start":{"line":130,"column":12},"end":{"line":130,"column":76},"skip":true},"33":{"start":{"line":131,"column":12},"end":{"line":131,"column":73},"skip":true},"34":{"start":{"line":132,"column":12},"end":{"line":132,"column":74},"skip":true},"35":{"start":{"line":133,"column":12},"end":{"line":133,"column":79},"skip":true},"36":{"start":{"line":134,"column":12},"end":{"line":134,"column":25},"skip":true},"37":{"start":{"line":135,"column":12},"end":{"line":135,"column":45},"skip":true},"38":{"start":{"line":138,"column":8},"end":{"line":145,"column":14},"skip":true},"39":{"start":{"line":143,"column":16},"end":{"line":143,"column":29},"skip":true},"40":{"start":{"line":144,"column":16},"end":{"line":144,"column":55},"skip":true},"41":{"start":{"line":147,"column":8},"end":{"line":156,"column":10},"skip":true},"42":{"start":{"line":154,"column":12},"end":{"line":154,"column":25},"skip":true},"43":{"start":{"line":155,"column":12},"end":{"line":155,"column":45},"skip":true},"44":{"start":{"line":158,"column":8},"end":{"line":167,"column":10},"skip":true},"45":{"start":{"line":165,"column":12},"end":{"line":165,"column":25},"skip":true},"46":{"start":{"line":166,"column":12},"end":{"line":166,"column":48},"skip":true},"47":{"start":{"line":169,"column":8},"end":{"line":178,"column":10},"skip":true},"48":{"start":{"line":176,"column":12},"end":{"line":176,"column":25},"skip":true},"49":{"start":{"line":177,"column":12},"end":{"line":177,"column":46},"skip":true},"50":{"start":{"line":180,"column":8},"end":{"line":189,"column":10},"skip":true},"51":{"start":{"line":187,"column":12},"end":{"line":187,"column":94},"skip":true},"52":{"start":{"line":188,"column":12},"end":{"line":188,"column":48},"skip":true},"53":{"start":{"line":192,"column":8},"end":{"line":192,"column":35},"skip":true},"54":{"start":{"line":193,"column":8},"end":{"line":193,"column":14},"skip":true}},"branchMap":{"1":{"line":25,"type":"binary-expr","locations":[{"start":{"line":25,"column":23},"end":{"line":25,"column":62}},{"start":{"line":26,"column":20},"end":{"line":26,"column":70}},{"start":{"line":27,"column":20},"end":{"line":27,"column":71}},{"start":{"line":28,"column":20},"end":{"line":28,"column":29}}]},"2":{"line":30,"type":"binary-expr","locations":[{"start":{"line":30,"column":23},"end":{"line":30,"column":37}},{"start":{"line":31,"column":20},"end":{"line":31,"column":61}},{"start":{"line":32,"column":20},"end":{"line":32,"column":70}},{"start":{"line":33,"column":20},"end":{"line":33,"column":26}}]},"3":{"line":37,"type":"cond-expr","locations":[{"start":{"line":38,"column":14},"end":{"line":38,"column":20}},{"start":{"line":39,"column":14},"end":{"line":39,"column":20}}]},"4":{"line":40,"type":"switch","locations":[{"start":{"line":42,"column":8},"end":{"line":47,"column":18}},{"start":{"line":49,"column":8},"end":{"line":52,"column":18}}]},"5":{"line":44,"type":"binary-expr","locations":[{"start":{"line":44,"column":16},"end":{"line":44,"column":44}},{"start":{"line":44,"column":48},"end":{"line":44,"column":66}}]},"6":{"line":50,"type":"binary-expr","locations":[{"start":{"line":50,"column":21},"end":{"line":50,"column":49}},{"start":{"line":50,"column":53},"end":{"line":50,"column":72}}]},"7":{"line":64,"type":"switch","locations":[{"start":{"line":69,"column":4},"end":{"line":70,"column":14}},{"start":{"line":75,"column":4},"end":{"line":76,"column":14}}]},"8":{"line":85,"type":"switch","locations":[{"start":{"line":90,"column":4},"end":{"line":105,"column":14}},{"start":{"line":111,"column":4},"end":{"line":193,"column":14},"skip":true}]},"9":{"line":91,"type":"binary-expr","locations":[{"start":{"line":91,"column":42},"end":{"line":91,"column":73}},{"start":{"line":91,"column":77},"end":{"line":99,"column":9}}]},"10":{"line":102,"type":"binary-expr","locations":[{"start":{"line":102,"column":18},"end":{"line":102,"column":32}},{"start":{"line":103,"column":12},"end":{"line":103,"column":53}},{"start":{"line":104,"column":12},"end":{"line":104,"column":61}}]},"11":{"line":112,"type":"binary-expr","locations":[{"start":{"line":112,"column":45},"end":{"line":112,"column":79},"skip":true},{"start":{"line":112,"column":83},"end":{"line":121,"column":9},"skip":true}]},"12":{"line":123,"type":"binary-expr","locations":[{"start":{"line":123,"column":42},"end":{"line":123,"column":73},"skip":true},{"start":{"line":123,"column":77},"end":{"line":136,"column":9},"skip":true}]},"13":{"line":138,"type":"binary-expr","locations":[{"start":{"line":138,"column":48},"end":{"line":138,"column":85},"skip":true},{"start":{"line":139,"column":12},"end":{"line":145,"column":13},"skip":true}]},"14":{"line":147,"type":"binary-expr","locations":[{"start":{"line":147,"column":42},"end":{"line":147,"column":73},"skip":true},{"start":{"line":147,"column":77},"end":{"line":156,"column":9},"skip":true}]},"15":{"line":158,"type":"binary-expr","locations":[{"start":{"line":158,"column":45},"end":{"line":158,"column":79},"skip":true},{"start":{"line":158,"column":83},"end":{"line":167,"column":9},"skip":true}]},"16":{"line":169,"type":"binary-expr","locations":[{"start":{"line":169,"column":43},"end":{"line":169,"column":75},"skip":true},{"start":{"line":169,"column":79},"end":{"line":178,"column":9},"skip":true}]},"17":{"line":180,"type":"binary-expr","locations":[{"start":{"line":180,"column":41},"end":{"line":180,"column":71},"skip":true},{"start":{"line":180,"column":75},"end":{"line":189,"column":9},"skip":true}]}},"code":["/* istanbul instrument in package npmtest_strong_supervisor */","/*jslint","    bitwise: true,","    browser: true,","    maxerr: 8,","    maxlen: 96,","    node: true,","    nomen: true,","    regexp: true,","    stupid: true","*/","(function () {","    'use strict';","    var local;","","","","    // run shared js-env code - pre-init","    (function () {","        // init local","        local = {};","        // init modeJs","        local.modeJs = (function () {","            try {","                return typeof navigator.userAgent === 'string' &&","                    typeof document.querySelector('body') === 'object' &&","                    typeof XMLHttpRequest.prototype.open === 'function' &&","                    'browser';","            } catch (errorCaughtBrowser) {","                return module.exports &&","                    typeof process.versions.node === 'string' &&","                    typeof require('http').createServer === 'function' &&","                    'node';","            }","        }());","        // init global","        local.global = local.modeJs === 'browser'","            ? window","            : global;","        switch (local.modeJs) {","        // re-init local from window.local","        case 'browser':","            local = local.global.utility2.objectSetDefault(","                local.global.utility2_rollup || local.global.local,","                local.global.utility2","            );","            break;","        // re-init local from example.js","        case 'node':","            local = (local.global.utility2_rollup || require('utility2'))","                .requireExampleJsFromReadme();","            break;","        }","        // export local","        local.global.local = local;","    }());","","","","    // run shared js-env code - function","    (function () {","        return;","    }());","    switch (local.modeJs) {","","","","    // run browser js-env code - function","    case 'browser':","        break;","","","","    // run node js-env code - function","    case 'node':","        break;","    }","","","","    // run shared js-env code - post-init","    (function () {","        return;","    }());","    switch (local.modeJs) {","","","","    // run browser js-env code - post-init","    case 'browser':","        local.testCase_browser_nullCase = local.testCase_browser_nullCase || function (","            options,","            onError","        ) {","        /*","         * this function will test browsers's null-case handling-behavior-behavior","         */","            onError(null, options);","        };","","        // run tests","        local.nop(local.modeTest &&","            document.querySelector('#testRunButton1') &&","            document.querySelector('#testRunButton1').click());","        break;","","","","    // run node js-env code - post-init","    /* istanbul ignore next */","    case 'node':","        local.testCase_buildApidoc_default = local.testCase_buildApidoc_default || function (","            options,","            onError","        ) {","        /*","         * this function will test buildApidoc's default handling-behavior-behavior","         */","            options = { modulePathList: module.paths };","            local.buildApidoc(options, onError);","        };","","        local.testCase_buildApp_default = local.testCase_buildApp_default || function (","            options,","            onError","        ) {","        /*","         * this function will test buildApp's default handling-behavior-behavior","         */","            local.testCase_buildReadme_default(options, local.onErrorThrow);","            local.testCase_buildLib_default(options, local.onErrorThrow);","            local.testCase_buildTest_default(options, local.onErrorThrow);","            local.testCase_buildCustomOrg_default(options, local.onErrorThrow);","            options = [];","            local.buildApp(options, onError);","        };","","        local.testCase_buildCustomOrg_default = local.testCase_buildCustomOrg_default ||","            function (options, onError) {","            /*","             * this function will test buildCustomOrg's default handling-behavior","             */","                options = {};","                local.buildCustomOrg(options, onError);","            };","","        local.testCase_buildLib_default = local.testCase_buildLib_default || function (","            options,","            onError","        ) {","        /*","         * this function will test buildLib's default handling-behavior","         */","            options = {};","            local.buildLib(options, onError);","        };","","        local.testCase_buildReadme_default = local.testCase_buildReadme_default || function (","            options,","            onError","        ) {","        /*","         * this function will test buildReadme's default handling-behavior-behavior","         */","            options = {};","            local.buildReadme(options, onError);","        };","","        local.testCase_buildTest_default = local.testCase_buildTest_default || function (","            options,","            onError","        ) {","        /*","         * this function will test buildTest's default handling-behavior","         */","            options = {};","            local.buildTest(options, onError);","        };","","        local.testCase_webpage_default = local.testCase_webpage_default || function (","            options,","            onError","        ) {","        /*","         * this function will test webpage's default handling-behavior","         */","            options = { modeCoverageMerge: true, url: local.serverLocalHost + '?modeTest=1' };","            local.browserTest(options, onError);","        };","","        // run test-server","        local.testRunServer(local);","        break;","    }","}());",""],"l":{"12":2,"14":2,"19":2,"21":2,"23":2,"24":2,"25":2,"30":1,"37":2,"40":2,"43":1,"47":1,"50":1,"52":1,"55":2,"61":2,"62":2,"64":2,"70":1,"76":1,"82":2,"83":2,"85":2,"91":1,"98":1,"102":1,"105":1,"112":1,"119":1,"120":1,"123":1,"130":1,"131":1,"132":1,"133":1,"134":1,"135":1,"138":1,"143":2,"144":2,"147":1,"154":2,"155":2,"158":1,"165":2,"166":2,"169":1,"176":2,"177":2,"180":1,"187":1,"188":1,"192":1,"193":1}},"/home/travis/build/npmtest/node-npmtest-strong-supervisor/lib.npmtest_strong_supervisor.js":{"path":"/home/travis/build/npmtest/node-npmtest-strong-supervisor/lib.npmtest_strong_supervisor.js","s":{"1":2,"2":2,"3":2,"4":2,"5":2,"6":2,"7":2,"8":1,"9":2,"10":2,"11":2,"12":2,"13":1,"14":1,"15":1,"16":1},"b":{"1":[2,1,1,1],"2":[1,1,1,1],"3":[1,1],"4":[2,2],"5":[1,1]},"f":{"1":2,"2":2,"3":2},"fnMap":{"1":{"name":"(anonymous_1)","line":12,"loc":{"start":{"line":12,"column":1},"end":{"line":12,"column":13}}},"2":{"name":"(anonymous_2)","line":19,"loc":{"start":{"line":19,"column":5},"end":{"line":19,"column":17}}},"3":{"name":"(anonymous_3)","line":23,"loc":{"start":{"line":23,"column":24},"end":{"line":23,"column":36}}}},"statementMap":{"1":{"start":{"line":12,"column":0},"end":{"line":53,"column":5}},"2":{"start":{"line":14,"column":4},"end":{"line":14,"column":14}},"3":{"start":{"line":19,"column":4},"end":{"line":52,"column":9}},"4":{"start":{"line":21,"column":8},"end":{"line":21,"column":19}},"5":{"start":{"line":23,"column":8},"end":{"line":35,"column":13}},"6":{"start":{"line":24,"column":12},"end":{"line":34,"column":13}},"7":{"start":{"line":25,"column":16},"end":{"line":28,"column":30}},"8":{"start":{"line":30,"column":16},"end":{"line":33,"column":27}},"9":{"start":{"line":37,"column":8},"end":{"line":39,"column":21}},"10":{"start":{"line":41,"column":8},"end":{"line":41,"column":54}},"11":{"start":{"line":43,"column":8},"end":{"line":43,"column":62}},"12":{"start":{"line":45,"column":8},"end":{"line":51,"column":9}},"13":{"start":{"line":46,"column":12},"end":{"line":46,"column":68}},"14":{"start":{"line":48,"column":12},"end":{"line":48,"column":35}},"15":{"start":{"line":49,"column":12},"end":{"line":49,"column":49}},"16":{"start":{"line":50,"column":12},"end":{"line":50,"column":43}}},"branchMap":{"1":{"line":25,"type":"binary-expr","locations":[{"start":{"line":25,"column":23},"end":{"line":25,"column":62}},{"start":{"line":26,"column":20},"end":{"line":26,"column":70}},{"start":{"line":27,"column":20},"end":{"line":27,"column":71}},{"start":{"line":28,"column":20},"end":{"line":28,"column":29}}]},"2":{"line":30,"type":"binary-expr","locations":[{"start":{"line":30,"column":23},"end":{"line":30,"column":37}},{"start":{"line":31,"column":20},"end":{"line":31,"column":61}},{"start":{"line":32,"column":20},"end":{"line":32,"column":70}},{"start":{"line":33,"column":20},"end":{"line":33,"column":26}}]},"3":{"line":37,"type":"cond-expr","locations":[{"start":{"line":38,"column":14},"end":{"line":38,"column":20}},{"start":{"line":39,"column":14},"end":{"line":39,"column":20}}]},"4":{"line":41,"type":"binary-expr","locations":[{"start":{"line":41,"column":16},"end":{"line":41,"column":44}},{"start":{"line":41,"column":48},"end":{"line":41,"column":53}}]},"5":{"line":45,"type":"if","locations":[{"start":{"line":45,"column":8},"end":{"line":45,"column":8}},{"start":{"line":45,"column":8},"end":{"line":45,"column":8}}]}},"code":["/* istanbul instrument in package npmtest_strong_supervisor */","/*jslint","    bitwise: true,","    browser: true,","    maxerr: 8,","    maxlen: 96,","    node: true,","    nomen: true,","    regexp: true,","    stupid: true","*/","(function () {","    'use strict';","    var local;","","","","    // run shared js-env code - pre-init","    (function () {","        // init local","        local = {};","        // init modeJs","        local.modeJs = (function () {","            try {","                return typeof navigator.userAgent === 'string' &&","                    typeof document.querySelector('body') === 'object' &&","                    typeof XMLHttpRequest.prototype.open === 'function' &&","                    'browser';","            } catch (errorCaughtBrowser) {","                return module.exports &&","                    typeof process.versions.node === 'string' &&","                    typeof require('http').createServer === 'function' &&","                    'node';","            }","        }());","        // init global","        local.global = local.modeJs === 'browser'","            ? window","            : global;","        // init utility2_rollup","        local = local.global.utility2_rollup || local;","        // init lib","        local.local = local.npmtest_strong_supervisor = local;","        // init exports","        if (local.modeJs === 'browser') {","            local.global.utility2_npmtest_strong_supervisor = local;","        } else {","            module.exports = local;","            module.exports.__dirname = __dirname;","            module.exports.module = module;","        }","    }());","}());",""],"l":{"12":2,"14":2,"19":2,"21":2,"23":2,"24":2,"25":2,"30":1,"37":2,"41":2,"43":2,"45":2,"46":1,"48":1,"49":1,"50":1}},"/home/travis/build/npmtest/node-npmtest-strong-supervisor/example.js":{"path":"/home/travis/build/npmtest/node-npmtest-strong-supervisor/example.js","s":{"1":2,"2":2,"3":2,"4":2,"5":2,"6":2,"7":2,"8":1,"9":2,"10":2,"11":2,"12":2,"13":1,"14":2,"15":2,"16":2,"17":2,"18":2,"19":0,"20":2,"21":1,"22":1,"23":1,"24":1,"25":1,"26":0,"27":0,"28":1,"29":1,"30":2,"31":0,"32":0,"33":0,"34":1,"35":2,"36":2,"37":3,"38":3,"39":3,"40":3,"41":0,"42":3,"43":3,"44":3,"45":1,"46":3,"47":1,"48":1,"49":1,"50":1,"51":1,"52":1,"53":1,"54":1,"55":1,"56":1,"57":0,"58":1,"59":6,"60":6,"61":1,"62":2,"63":0,"64":2,"65":1,"66":1,"67":0,"68":0,"69":0,"70":0,"71":0,"72":0,"73":0,"74":0,"75":0,"76":0,"77":0,"78":0,"79":0,"80":0,"81":0,"82":0,"83":0},"b":{"1":[2,1,1,1],"2":[1,1,1,1],"3":[1,1],"4":[2,2],"5":[1,1],"6":[1,1],"7":[2,0],"8":[2,1,1,1,1,1],"9":[0,2,0],"10":[1,1],"11":[2,1,1],"12":[1,0],"13":[0,2],"14":[2,0,0,0,0,0,0],"15":[0,3],"16":[3,0],"17":[1,1],"18":[0,1],"19":[1,2,0,2],"20":[1,0],"21":[1,1],"22":[0,0],"23":[0,0],"24":[0,0],"25":[0,0],"26":[0,0],"27":[0,0],"28":[0,0]},"f":{"1":2,"2":2,"3":2,"4":2,"5":2,"6":2,"7":3,"8":3,"9":3,"10":1,"11":6,"12":0},"fnMap":{"1":{"name":"(anonymous_1)","line":26,"loc":{"start":{"line":26,"column":1},"end":{"line":26,"column":13}}},"2":{"name":"(anonymous_2)","line":33,"loc":{"start":{"line":33,"column":5},"end":{"line":33,"column":17}}},"3":{"name":"(anonymous_3)","line":37,"loc":{"start":{"line":37,"column":24},"end":{"line":37,"column":36}}},"4":{"name":"(anonymous_4)","line":69,"loc":{"start":{"line":69,"column":31},"end":{"line":69,"column":48}},"skip":true},"5":{"name":"(anonymous_5)","line":78,"loc":{"start":{"line":78,"column":26},"end":{"line":78,"column":45}},"skip":true},"6":{"name":"(anonymous_6)","line":123,"loc":{"start":{"line":123,"column":33},"end":{"line":123,"column":48}},"skip":true},"7":{"name":"(anonymous_7)","line":125,"loc":{"start":{"line":125,"column":27},"end":{"line":125,"column":39}},"skip":true},"8":{"name":"(anonymous_8)","line":133,"loc":{"start":{"line":133,"column":59},"end":{"line":133,"column":74}},"skip":true},"9":{"name":"(anonymous_9)","line":143,"loc":{"start":{"line":143,"column":45},"end":{"line":143,"column":62}},"skip":true},"10":{"name":"(anonymous_10)","line":144,"loc":{"start":{"line":144,"column":73},"end":{"line":144,"column":92}},"skip":true},"11":{"name":"(anonymous_11)","line":272,"loc":{"start":{"line":272,"column":51},"end":{"line":272,"column":77}},"skip":true},"12":{"name":"(anonymous_12)","line":314,"loc":{"start":{"line":314,"column":32},"end":{"line":314,"column":61}},"skip":true}},"statementMap":{"1":{"start":{"line":26,"column":0},"end":{"line":325,"column":5}},"2":{"start":{"line":28,"column":4},"end":{"line":28,"column":14}},"3":{"start":{"line":33,"column":4},"end":{"line":60,"column":9}},"4":{"start":{"line":35,"column":8},"end":{"line":35,"column":19}},"5":{"start":{"line":37,"column":8},"end":{"line":49,"column":13}},"6":{"start":{"line":38,"column":12},"end":{"line":48,"column":13}},"7":{"start":{"line":39,"column":16},"end":{"line":42,"column":30}},"8":{"start":{"line":44,"column":16},"end":{"line":47,"column":27}},"9":{"start":{"line":51,"column":8},"end":{"line":53,"column":21}},"10":{"start":{"line":55,"column":8},"end":{"line":57,"column":45}},"11":{"start":{"line":59,"column":8},"end":{"line":59,"column":35}},"12":{"start":{"line":61,"column":4},"end":{"line":324,"column":5}},"13":{"start":{"line":69,"column":8},"end":{"line":121,"column":10},"skip":true},"14":{"start":{"line":70,"column":12},"end":{"line":88,"column":13},"skip":true},"15":{"start":{"line":76,"column":16},"end":{"line":87,"column":19},"skip":true},"16":{"start":{"line":79,"column":20},"end":{"line":86,"column":21},"skip":true},"17":{"start":{"line":82,"column":24},"end":{"line":82,"column":43},"skip":true},"18":{"start":{"line":83,"column":24},"end":{"line":83,"column":30},"skip":true},"19":{"start":{"line":85,"column":24},"end":{"line":85,"column":49},"skip":true},"20":{"start":{"line":89,"column":12},"end":{"line":107,"column":13},"skip":true},"21":{"start":{"line":92,"column":16},"end":{"line":102,"column":17},"skip":true},"22":{"start":{"line":93,"column":20},"end":{"line":93,"column":86},"skip":true},"23":{"start":{"line":94,"column":20},"end":{"line":95,"column":45},"skip":true},"24":{"start":{"line":96,"column":20},"end":{"line":96,"column":42},"skip":true},"25":{"start":{"line":97,"column":20},"end":{"line":97,"column":48},"skip":true},"26":{"start":{"line":100,"column":20},"end":{"line":100,"column":85},"skip":true},"27":{"start":{"line":101,"column":20},"end":{"line":101,"column":96},"skip":true},"28":{"start":{"line":103,"column":16},"end":{"line":103,"column":22},"skip":true},"29":{"start":{"line":106,"column":16},"end":{"line":106,"column":22},"skip":true},"30":{"start":{"line":108,"column":12},"end":{"line":120,"column":13},"skip":true},"31":{"start":{"line":114,"column":16},"end":{"line":119,"column":17},"skip":true},"32":{"start":{"line":116,"column":20},"end":{"line":116,"column":78},"skip":true},"33":{"start":{"line":118,"column":20},"end":{"line":118,"column":47},"skip":true},"34":{"start":{"line":123,"column":8},"end":{"line":141,"column":11},"skip":true},"35":{"start":{"line":124,"column":12},"end":{"line":124,"column":54},"skip":true},"36":{"start":{"line":125,"column":12},"end":{"line":140,"column":14},"skip":true},"37":{"start":{"line":126,"column":16},"end":{"line":126,"column":28},"skip":true},"38":{"start":{"line":127,"column":16},"end":{"line":127,"column":69},"skip":true},"39":{"start":{"line":128,"column":16},"end":{"line":128,"column":75},"skip":true},"40":{"start":{"line":129,"column":16},"end":{"line":131,"column":17},"skip":true},"41":{"start":{"line":130,"column":20},"end":{"line":130,"column":27},"skip":true},"42":{"start":{"line":133,"column":16},"end":{"line":137,"column":36},"skip":true},"43":{"start":{"line":134,"column":20},"end":{"line":136,"column":55},"skip":true},"44":{"start":{"line":139,"column":16},"end":{"line":139,"column":57},"skip":true},"45":{"start":{"line":143,"column":8},"end":{"line":147,"column":11},"skip":true},"46":{"start":{"line":144,"column":12},"end":{"line":146,"column":15},"skip":true},"47":{"start":{"line":145,"column":16},"end":{"line":145,"column":70},"skip":true},"48":{"start":{"line":149,"column":8},"end":{"line":149,"column":31},"skip":true},"49":{"start":{"line":150,"column":8},"end":{"line":150,"column":14},"skip":true},"50":{"start":{"line":158,"column":8},"end":{"line":158,"column":31},"skip":true},"51":{"start":{"line":160,"column":8},"end":{"line":160,"column":33},"skip":true},"52":{"start":{"line":161,"column":8},"end":{"line":161,"column":37},"skip":true},"53":{"start":{"line":162,"column":8},"end":{"line":162,"column":35},"skip":true},"54":{"start":{"line":164,"column":8},"end":{"line":164,"column":50},"skip":true},"55":{"start":{"line":166,"column":8},"end":{"line":256,"column":2},"skip":true},"56":{"start":{"line":258,"column":8},"end":{"line":286,"column":9},"skip":true},"57":{"start":{"line":259,"column":12},"end":{"line":269,"column":14},"skip":true},"58":{"start":{"line":271,"column":12},"end":{"line":285,"column":19},"skip":true},"59":{"start":{"line":274,"column":20},"end":{"line":274,"column":35},"skip":true},"60":{"start":{"line":275,"column":20},"end":{"line":284,"column":21},"skip":true},"61":{"start":{"line":277,"column":24},"end":{"line":277,"column":64},"skip":true},"62":{"start":{"line":279,"column":24},"end":{"line":279,"column":40},"skip":true},"63":{"start":{"line":281,"column":24},"end":{"line":281,"column":40},"skip":true},"64":{"start":{"line":283,"column":24},"end":{"line":283,"column":39},"skip":true},"65":{"start":{"line":288,"column":8},"end":{"line":290,"column":9},"skip":true},"66":{"start":{"line":289,"column":12},"end":{"line":289,"column":18},"skip":true},"67":{"start":{"line":291,"column":8},"end":{"line":293,"column":54},"skip":true},"68":{"start":{"line":294,"column":8},"end":{"line":301,"column":37},"skip":true},"69":{"start":{"line":302,"column":8},"end":{"line":302,"column":82},"skip":true},"70":{"start":{"line":305,"column":8},"end":{"line":307,"column":9},"skip":true},"71":{"start":{"line":306,"column":12},"end":{"line":306,"column":82},"skip":true},"72":{"start":{"line":309,"column":8},"end":{"line":311,"column":9},"skip":true},"73":{"start":{"line":310,"column":12},"end":{"line":310,"column":18},"skip":true},"74":{"start":{"line":312,"column":8},"end":{"line":312,"column":54},"skip":true},"75":{"start":{"line":313,"column":8},"end":{"line":313,"column":69},"skip":true},"76":{"start":{"line":314,"column":8},"end":{"line":322,"column":36},"skip":true},"77":{"start":{"line":315,"column":12},"end":{"line":315,"column":61},"skip":true},"78":{"start":{"line":316,"column":12},"end":{"line":319,"column":13},"skip":true},"79":{"start":{"line":317,"column":16},"end":{"line":317,"column":75},"skip":true},"80":{"start":{"line":318,"column":16},"end":{"line":318,"column":23},"skip":true},"81":{"start":{"line":320,"column":12},"end":{"line":320,"column":38},"skip":true},"82":{"start":{"line":321,"column":12},"end":{"line":321,"column":27},"skip":true},"83":{"start":{"line":323,"column":8},"end":{"line":323,"column":14},"skip":true}},"branchMap":{"1":{"line":39,"type":"binary-expr","locations":[{"start":{"line":39,"column":23},"end":{"line":39,"column":62}},{"start":{"line":40,"column":20},"end":{"line":40,"column":70}},{"start":{"line":41,"column":20},"end":{"line":41,"column":71}},{"start":{"line":42,"column":20},"end":{"line":42,"column":29}}]},"2":{"line":44,"type":"binary-expr","locations":[{"start":{"line":44,"column":23},"end":{"line":44,"column":37}},{"start":{"line":45,"column":20},"end":{"line":45,"column":61}},{"start":{"line":46,"column":20},"end":{"line":46,"column":70}},{"start":{"line":47,"column":20},"end":{"line":47,"column":26}}]},"3":{"line":51,"type":"cond-expr","locations":[{"start":{"line":52,"column":14},"end":{"line":52,"column":20}},{"start":{"line":53,"column":14},"end":{"line":53,"column":20}}]},"4":{"line":55,"type":"binary-expr","locations":[{"start":{"line":55,"column":16},"end":{"line":55,"column":44}},{"start":{"line":55,"column":49},"end":{"line":57,"column":43}}]},"5":{"line":55,"type":"cond-expr","locations":[{"start":{"line":56,"column":14},"end":{"line":56,"column":61}},{"start":{"line":57,"column":14},"end":{"line":57,"column":43}}]},"6":{"line":61,"type":"switch","locations":[{"start":{"line":68,"column":4},"end":{"line":150,"column":14},"skip":true},{"start":{"line":156,"column":4},"end":{"line":323,"column":14},"skip":true}]},"7":{"line":70,"type":"if","locations":[{"start":{"line":70,"column":12},"end":{"line":70,"column":12},"skip":true},{"start":{"line":70,"column":12},"end":{"line":70,"column":12},"skip":true}]},"8":{"line":70,"type":"binary-expr","locations":[{"start":{"line":70,"column":16},"end":{"line":70,"column":22},"skip":true},{"start":{"line":70,"column":27},"end":{"line":70,"column":32},"skip":true},{"start":{"line":71,"column":20},"end":{"line":71,"column":39},"skip":true},{"start":{"line":72,"column":20},"end":{"line":72,"column":49},"skip":true},{"start":{"line":73,"column":20},"end":{"line":73,"column":58},"skip":true},{"start":{"line":74,"column":20},"end":{"line":74,"column":69},"skip":true}]},"9":{"line":79,"type":"switch","locations":[{"start":{"line":80,"column":20},"end":{"line":80,"column":33},"skip":true},{"start":{"line":81,"column":20},"end":{"line":83,"column":30},"skip":true},{"start":{"line":84,"column":20},"end":{"line":85,"column":49},"skip":true}]},"10":{"line":89,"type":"switch","locations":[{"start":{"line":90,"column":12},"end":{"line":103,"column":22},"skip":true},{"start":{"line":105,"column":12},"end":{"line":106,"column":22},"skip":true}]},"11":{"line":89,"type":"binary-expr","locations":[{"start":{"line":89,"column":20},"end":{"line":89,"column":25},"skip":true},{"start":{"line":89,"column":29},"end":{"line":89,"column":48},"skip":true},{"start":{"line":89,"column":52},"end":{"line":89,"column":74},"skip":true}]},"12":{"line":92,"type":"if","locations":[{"start":{"line":92,"column":16},"end":{"line":92,"column":16},"skip":true},{"start":{"line":92,"column":16},"end":{"line":92,"column":16},"skip":true}]},"13":{"line":108,"type":"if","locations":[{"start":{"line":108,"column":12},"end":{"line":108,"column":12},"skip":true},{"start":{"line":108,"column":12},"end":{"line":108,"column":12},"skip":true}]},"14":{"line":108,"type":"binary-expr","locations":[{"start":{"line":108,"column":16},"end":{"line":108,"column":61},"skip":true},{"start":{"line":108,"column":66},"end":{"line":108,"column":72},"skip":true},{"start":{"line":108,"column":77},"end":{"line":108,"column":82},"skip":true},{"start":{"line":109,"column":20},"end":{"line":109,"column":39},"skip":true},{"start":{"line":110,"column":20},"end":{"line":110,"column":49},"skip":true},{"start":{"line":111,"column":20},"end":{"line":111,"column":58},"skip":true},{"start":{"line":112,"column":20},"end":{"line":112,"column":68},"skip":true}]},"15":{"line":129,"type":"if","locations":[{"start":{"line":129,"column":16},"end":{"line":129,"column":16},"skip":true},{"start":{"line":129,"column":16},"end":{"line":129,"column":16},"skip":true}]},"16":{"line":134,"type":"cond-expr","locations":[{"start":{"line":135,"column":26},"end":{"line":135,"column":29},"skip":true},{"start":{"line":136,"column":26},"end":{"line":136,"column":54},"skip":true}]},"17":{"line":164,"type":"binary-expr","locations":[{"start":{"line":164,"column":27},"end":{"line":164,"column":43},"skip":true},{"start":{"line":164,"column":47},"end":{"line":164,"column":49},"skip":true}]},"18":{"line":258,"type":"if","locations":[{"start":{"line":258,"column":8},"end":{"line":258,"column":8},"skip":true},{"start":{"line":258,"column":8},"end":{"line":258,"column":8},"skip":true}]},"19":{"line":275,"type":"switch","locations":[{"start":{"line":276,"column":20},"end":{"line":277,"column":64},"skip":true},{"start":{"line":278,"column":20},"end":{"line":279,"column":40},"skip":true},{"start":{"line":280,"column":20},"end":{"line":281,"column":40},"skip":true},{"start":{"line":282,"column":20},"end":{"line":283,"column":39},"skip":true}]},"20":{"line":288,"type":"if","locations":[{"start":{"line":288,"column":8},"end":{"line":288,"column":8},"skip":true},{"start":{"line":288,"column":8},"end":{"line":288,"column":8},"skip":true}]},"21":{"line":288,"type":"binary-expr","locations":[{"start":{"line":288,"column":12},"end":{"line":288,"column":40},"skip":true},{"start":{"line":288,"column":44},"end":{"line":288,"column":67},"skip":true}]},"22":{"line":292,"type":"binary-expr","locations":[{"start":{"line":292,"column":12},"end":{"line":292,"column":50},"skip":true},{"start":{"line":293,"column":12},"end":{"line":293,"column":53},"skip":true}]},"23":{"line":295,"type":"binary-expr","locations":[{"start":{"line":295,"column":12},"end":{"line":295,"column":75},"skip":true},{"start":{"line":296,"column":12},"end":{"line":301,"column":36},"skip":true}]},"24":{"line":302,"type":"binary-expr","locations":[{"start":{"line":302,"column":43},"end":{"line":302,"column":75},"skip":true},{"start":{"line":302,"column":79},"end":{"line":302,"column":81},"skip":true}]},"25":{"line":305,"type":"if","locations":[{"start":{"line":305,"column":8},"end":{"line":305,"column":8},"skip":true},{"start":{"line":305,"column":8},"end":{"line":305,"column":8},"skip":true}]},"26":{"line":309,"type":"if","locations":[{"start":{"line":309,"column":8},"end":{"line":309,"column":8},"skip":true},{"start":{"line":309,"column":8},"end":{"line":309,"column":8},"skip":true}]},"27":{"line":312,"type":"binary-expr","locations":[{"start":{"line":312,"column":27},"end":{"line":312,"column":43},"skip":true},{"start":{"line":312,"column":47},"end":{"line":312,"column":53},"skip":true}]},"28":{"line":316,"type":"if","locations":[{"start":{"line":316,"column":12},"end":{"line":316,"column":12},"skip":true},{"start":{"line":316,"column":12},"end":{"line":316,"column":12},"skip":true}]}},"code":["/*","example.js","","quickstart example","","instruction","    1. save this script as example.js","    2. run the shell command:","        $ npm install npmtest-strong-supervisor && PORT=8081 node example.js","    3. play with the browser-demo on http://127.0.0.1:8081","*/","","","","/* istanbul instrument in package npmtest_strong_supervisor */","/*jslint","    bitwise: true,","    browser: true,","    maxerr: 8,","    maxlen: 96,","    node: true,","    nomen: true,","    regexp: true,","    stupid: true","*/","(function () {","    'use strict';","    var local;","","","","    // run shared js-env code - pre-init","    (function () {","        // init local","        local = {};","        // init modeJs","        local.modeJs = (function () {","            try {","                return typeof navigator.userAgent === 'string' &&","                    typeof document.querySelector('body') === 'object' &&","                    typeof XMLHttpRequest.prototype.open === 'function' &&","                    'browser';","            } catch (errorCaughtBrowser) {","                return module.exports &&","                    typeof process.versions.node === 'string' &&","                    typeof require('http').createServer === 'function' &&","                    'node';","            }","        }());","        // init global","        local.global = local.modeJs === 'browser'","            ? window","            : global;","        // init utility2_rollup","        local = local.global.utility2_rollup || (local.modeJs === 'browser'","            ? local.global.utility2_npmtest_strong_supervisor","            : global.utility2_moduleExports);","        // export local","        local.global.local = local;","    }());","    switch (local.modeJs) {","","","","    // post-init","    // run browser js-env code - post-init","    /* istanbul ignore next */","    case 'browser':","        local.testRunBrowser = function (event) {","            if (!event || (event &&","                    event.currentTarget &&","                    event.currentTarget.className &&","                    event.currentTarget.className.includes &&","                    event.currentTarget.className.includes('onreset'))) {","                // reset output","                Array.from(","                    document.querySelectorAll('body > .resettable')","                ).forEach(function (element) {","                    switch (element.tagName) {","                    case 'INPUT':","                    case 'TEXTAREA':","                        element.value = '';","                        break;","                    default:","                        element.textContent = '';","                    }","                });","            }","            switch (event && event.currentTarget && event.currentTarget.id) {","            case 'testRunButton1':","                // show tests","                if (document.querySelector('#testReportDiv1').style.display === 'none') {","                    document.querySelector('#testReportDiv1').style.display = 'block';","                    document.querySelector('#testRunButton1').textContent =","                        'hide internal test';","                    local.modeTest = true;","                    local.testRunDefault(local);","                // hide tests","                } else {","                    document.querySelector('#testReportDiv1').style.display = 'none';","                    document.querySelector('#testRunButton1').textContent = 'run internal test';","                }","                break;","            // custom-case","            default:","                break;","            }","            if (document.querySelector('#inputTextareaEval1') && (!event || (event &&","                    event.currentTarget &&","                    event.currentTarget.className &&","                    event.currentTarget.className.includes &&","                    event.currentTarget.className.includes('oneval')))) {","                // try to eval input-code","                try {","                    /*jslint evil: true*/","                    eval(document.querySelector('#inputTextareaEval1').value);","                } catch (errorCaught) {","                    console.error(errorCaught);","                }","            }","        };","        // log stderr and stdout to #outputTextareaStdout1","        ['error', 'log'].forEach(function (key) {","            console[key + '_original'] = console[key];","            console[key] = function () {","                var element;","                console[key + '_original'].apply(console, arguments);","                element = document.querySelector('#outputTextareaStdout1');","                if (!element) {","                    return;","                }","                // append text to #outputTextareaStdout1","                element.value += Array.from(arguments).map(function (arg) {","                    return typeof arg === 'string'","                        ? arg","                        : JSON.stringify(arg, null, 4);","                }).join(' ') + '\\n';","                // scroll textarea to bottom","                element.scrollTop = element.scrollHeight;","            };","        });","        // init event-handling","        ['change', 'click', 'keyup'].forEach(function (event) {","            Array.from(document.querySelectorAll('.on' + event)).forEach(function (element) {","                element.addEventListener(event, local.testRunBrowser);","            });","        });","        // run tests","        local.testRunBrowser();","        break;","","","","    // run node js-env code - post-init","    /* istanbul ignore next */","    case 'node':","        // export local","        module.exports = local;","        // require modules","        local.fs = require('fs');","        local.http = require('http');","        local.url = require('url');","        // init assets","        local.assetsDict = local.assetsDict || {};","        /* jslint-ignore-begin */","        local.assetsDict['/assets.index.template.html'] = '\\","<!doctype html>\\n\\","<html lang=\"en\">\\n\\","<head>\\n\\","<meta charset=\"UTF-8\">\\n\\","<meta name=\"viewport\" content=\"width=device-width, initial-scale=1\">\\n\\","<title>{{env.npm_package_name}} (v{{env.npm_package_version}})</title>\\n\\","<style>\\n\\","/*csslint\\n\\","    box-sizing: false,\\n\\","    universal-selector: false\\n\\","*/\\n\\","* {\\n\\","    box-sizing: border-box;\\n\\","}\\n\\","body {\\n\\","    background: #dde;\\n\\","    font-family: Arial, Helvetica, sans-serif;\\n\\","    margin: 2rem;\\n\\","}\\n\\","body > * {\\n\\","    margin-bottom: 1rem;\\n\\","}\\n\\",".utility2FooterDiv {\\n\\","    margin-top: 20px;\\n\\","    text-align: center;\\n\\","}\\n\\","</style>\\n\\","<style>\\n\\","/*csslint\\n\\","*/\\n\\","textarea {\\n\\","    font-family: monospace;\\n\\","    height: 10rem;\\n\\","    width: 100%;\\n\\","}\\n\\","textarea[readonly] {\\n\\","    background: #ddd;\\n\\","}\\n\\","</style>\\n\\","</head>\\n\\","<body>\\n\\","<!-- utility2-comment\\n\\","<div id=\"ajaxProgressDiv1\" style=\"background: #d00; height: 2px; left: 0; margin: 0; padding: 0; position: fixed; top: 0; transition: background 0.5s, width 1.5s; width: 25%;\"></div>\\n\\","utility2-comment -->\\n\\","<h1>\\n\\","<!-- utility2-comment\\n\\","    <a\\n\\","        {{#if env.npm_package_homepage}}\\n\\","        href=\"{{env.npm_package_homepage}}\"\\n\\","        {{/if env.npm_package_homepage}}\\n\\","        target=\"_blank\"\\n\\","    >\\n\\","utility2-comment -->\\n\\","        {{env.npm_package_name}} (v{{env.npm_package_version}})\\n\\","<!-- utility2-comment\\n\\","    </a>\\n\\","utility2-comment -->\\n\\","</h1>\\n\\","<h3>{{env.npm_package_description}}</h3>\\n\\","<!-- utility2-comment\\n\\","<h4><a download href=\"assets.app.js\">download standalone app</a></h4>\\n\\","<button class=\"onclick onreset\" id=\"testRunButton1\">run internal test</button><br>\\n\\","<div id=\"testReportDiv1\" style=\"display: none;\"></div>\\n\\","utility2-comment -->\\n\\","\\n\\","\\n\\","\\n\\","<label>stderr and stdout</label>\\n\\","<textarea class=\"resettable\" id=\"outputTextareaStdout1\" readonly></textarea>\\n\\","<!-- utility2-comment\\n\\","{{#if isRollup}}\\n\\","<script src=\"assets.app.js\"></script>\\n\\","{{#unless isRollup}}\\n\\","utility2-comment -->\\n\\","<script src=\"assets.utility2.rollup.js\"></script>\\n\\","<script src=\"jsonp.utility2._stateInit?callback=window.utility2._stateInit\"></script>\\n\\","<script src=\"assets.npmtest_strong_supervisor.rollup.js\"></script>\\n\\","<script src=\"assets.example.js\"></script>\\n\\","<script src=\"assets.test.js\"></script>\\n\\","<!-- utility2-comment\\n\\","{{/if isRollup}}\\n\\","utility2-comment -->\\n\\","<div class=\"utility2FooterDiv\">\\n\\","    [ this app was created with\\n\\","    <a href=\"https://github.com/kaizhu256/node-utility2\" target=\"_blank\">utility2</a>\\n\\","    ]\\n\\","</div>\\n\\","</body>\\n\\","</html>\\n\\","';","        /* jslint-ignore-end */","        if (local.templateRender) {","            local.assetsDict['/'] = local.templateRender(","                local.assetsDict['/assets.index.template.html'],","                {","                    env: local.objectSetDefault(local.env, {","                        npm_package_description: 'the greatest app in the world!',","                        npm_package_name: 'my-app',","                        npm_package_nameAlias: 'my_app',","                        npm_package_version: '0.0.1'","                    })","                }","            );","        } else {","            local.assetsDict['/'] = local.assetsDict['/assets.index.template.html']","                .replace((/\\{\\{env\\.(\\w+?)\\}\\}/g), function (match0, match1) {","                    // jslint-hack","                    String(match0);","                    switch (match1) {","                    case 'npm_package_description':","                        return 'the greatest app in the world!';","                    case 'npm_package_name':","                        return 'my-app';","                    case 'npm_package_nameAlias':","                        return 'my_app';","                    case 'npm_package_version':","                        return '0.0.1';","                    }","                });","        }","        // run the cli","        if (local.global.utility2_rollup || module !== require.main) {","            break;","        }","        local.assetsDict['/assets.example.js'] =","            local.assetsDict['/assets.example.js'] ||","            local.fs.readFileSync(__filename, 'utf8');","        local.assetsDict['/assets.npmtest_strong_supervisor.rollup.js'] =","            local.assetsDict['/assets.npmtest_strong_supervisor.rollup.js'] ||","            local.fs.readFileSync(","                // buildCustomOrg-hack","                local.npmtest_strong_supervisor.__dirname +","                    '/lib.npmtest_strong_supervisor.js',","                'utf8'","            ).replace((/^#!/), '//');","        local.assetsDict['/favicon.ico'] = local.assetsDict['/favicon.ico'] || '';","        // if $npm_config_timeout_exit exists,","        // then exit this process after $npm_config_timeout_exit ms","        if (Number(process.env.npm_config_timeout_exit)) {","            setTimeout(process.exit, Number(process.env.npm_config_timeout_exit));","        }","        // start server","        if (local.global.utility2_serverHttp1) {","            break;","        }","        process.env.PORT = process.env.PORT || '8081';","        console.error('server starting on port ' + process.env.PORT);","        local.http.createServer(function (request, response) {","            request.urlParsed = local.url.parse(request.url);","            if (local.assetsDict[request.urlParsed.pathname] !== undefined) {","                response.end(local.assetsDict[request.urlParsed.pathname]);","                return;","            }","            response.statusCode = 404;","            response.end();","        }).listen(process.env.PORT);","        break;","    }","}());",""],"l":{"26":2,"28":2,"33":2,"35":2,"37":2,"38":2,"39":2,"44":1,"51":2,"55":2,"59":2,"61":2,"69":1,"70":2,"76":2,"79":2,"82":2,"83":2,"85":1,"89":2,"92":1,"93":1,"94":1,"96":1,"97":1,"100":1,"101":1,"103":1,"106":1,"108":2,"114":1,"116":1,"118":1,"123":1,"124":2,"125":2,"126":3,"127":3,"128":3,"129":3,"130":1,"133":3,"134":3,"139":3,"143":1,"144":3,"145":1,"149":1,"150":1,"158":1,"160":1,"161":1,"162":1,"164":1,"166":1,"258":1,"259":1,"271":1,"274":6,"275":6,"277":1,"279":2,"281":1,"283":2,"288":1,"289":1,"291":1,"294":1,"302":1,"305":1,"306":1,"309":1,"310":1,"312":1,"313":1,"314":1,"315":1,"316":1,"317":1,"318":1,"320":1,"321":1,"323":1}},"/home/travis/build/npmtest/node-npmtest-strong-supervisor/node_modules/strong-supervisor/index.js":{"path":"/home/travis/build/npmtest/node-npmtest-strong-supervisor/node_modules/strong-supervisor/index.js","s":{"1":1},"b":{},"f":{},"fnMap":{},"statementMap":{"1":{"start":{"line":9,"column":0},"end":{"line":9,"column":26}}},"branchMap":{},"code":["// Copyright IBM Corp. 2014,2016. All Rights Reserved.","// Node module: strong-supervisor","// This file is licensed under the Artistic License 2.0.","// License text available at https://opensource.org/licenses/Artistic-2.0","","'use strict';","","// For `slc --version` to report strong-agent version","exports.__module = module;",""],"l":{"9":1}},"/home/travis/build/npmtest/node-npmtest-strong-supervisor/node_modules/strong-supervisor/lib/adapter.js":{"path":"/home/travis/build/npmtest/node-npmtest-strong-supervisor/node_modules/strong-supervisor/lib/adapter.js","s":{"1":1,"2":1,"3":1,"4":1,"5":1,"6":1,"7":1,"8":1,"9":1,"10":1,"11":1,"12":1,"13":1,"14":1,"15":1,"16":1,"17":1,"18":1,"19":1,"20":1,"21":1,"22":1,"23":1,"24":1,"25":1,"26":1,"27":1,"28":1,"29":1,"30":1,"31":1,"32":1,"33":1,"34":0,"35":0,"36":0,"37":0,"38":0,"39":0,"40":0,"41":0,"42":0,"43":0,"44":0,"45":0,"46":0,"47":0,"48":0,"49":0,"50":0,"51":0,"52":0,"53":0,"54":0,"55":0,"56":0,"57":0,"58":0,"59":0,"60":0,"61":0,"62":0,"63":0,"64":0,"65":0,"66":0,"67":0,"68":0,"69":0,"70":0,"71":0,"72":0,"73":0,"74":0,"75":0,"76":0,"77":0,"78":0,"79":0,"80":0,"81":0,"82":0,"83":0,"84":0,"85":0,"86":1,"87":0,"88":0,"89":0,"90":0,"91":0,"92":0,"93":0,"94":0,"95":0,"96":0,"97":0,"98":0,"99":0,"100":0,"101":0,"102":0,"103":0,"104":1,"105":1,"106":1,"107":0,"108":0,"109":0,"110":0,"111":0,"112":0,"113":1,"114":0,"115":0,"116":0,"117":0,"118":0,"119":1,"120":0,"121":0,"122":1,"123":0,"124":0,"125":1,"126":0,"127":1,"128":0,"129":0,"130":1,"131":0,"132":0,"133":0,"134":0,"135":0,"136":1,"137":0,"138":0,"139":0,"140":0,"141":1,"142":0,"143":0,"144":0,"145":0,"146":1,"147":0,"148":0,"149":0,"150":1,"151":0,"152":0,"153":1,"154":0,"155":0,"156":1,"157":0,"158":0,"159":0,"160":0,"161":0,"162":1,"163":0,"164":0,"165":0,"166":0,"167":1,"168":0,"169":0,"170":0,"171":0,"172":0,"173":0,"174":1,"175":0,"176":0,"177":0,"178":0,"179":0,"180":0,"181":0,"182":0,"183":1,"184":0,"185":0,"186":0,"187":1,"188":0,"189":0,"190":0,"191":0,"192":0,"193":0,"194":1,"195":0,"196":0,"197":0,"198":1,"199":0,"200":0,"201":0,"202":0,"203":0,"204":0,"205":1,"206":0,"207":0,"208":0,"209":0,"210":1,"211":0,"212":0,"213":0,"214":0,"215":0,"216":0,"217":0,"218":0,"219":0,"220":0,"221":0,"222":0,"223":0,"224":0,"225":0,"226":0,"227":1,"228":0,"229":0,"230":0,"231":0,"232":0,"233":0,"234":0,"235":0,"236":1,"237":0,"238":0,"239":0,"240":0,"241":0,"242":0,"243":0,"244":1,"245":0,"246":0},"b":{"1":[1,1],"2":[1,1],"3":[0,0],"4":[0,0],"5":[0,0],"6":[0,0],"7":[0,0],"8":[0,0],"9":[0,0],"10":[0,0],"11":[0,0],"12":[0,0],"13":[0,0],"14":[0,0],"15":[0,0],"16":[0,0],"17":[0,0],"18":[0],"19":[0,0],"20":[0,0],"21":[0,0],"22":[0,0],"23":[0,0],"24":[0,0],"25":[0,0],"26":[0,0],"27":[0,0],"28":[0,0],"29":[0,0],"30":[0,0],"31":[0,0],"32":[0,0],"33":[0,0],"34":[0,0]},"f":{"1":0,"2":0,"3":0,"4":0,"5":0,"6":0,"7":0,"8":0,"9":0,"10":0,"11":0,"12":0,"13":0,"14":0,"15":0,"16":0,"17":0,"18":0,"19":0,"20":0,"21":0,"22":0,"23":0,"24":0,"25":0,"26":0,"27":0,"28":0,"29":0,"30":0,"31":0,"32":0,"33":0,"34":0,"35":0,"36":0,"37":0,"38":0,"39":0,"40":0},"fnMap":{"1":{"name":"use","line":103,"loc":{"start":{"line":103,"column":0},"end":{"line":103,"column":23}}},"2":{"name":"(anonymous_2)","line":107,"loc":{"start":{"line":107,"column":14},"end":{"line":107,"column":25}}},"3":{"name":"(anonymous_3)","line":170,"loc":{"start":{"line":170,"column":14},"end":{"line":170,"column":25}}},"4":{"name":"start","line":208,"loc":{"start":{"line":208,"column":0},"end":{"line":208,"column":24}}},"5":{"name":"(anonymous_5)","line":232,"loc":{"start":{"line":232,"column":30},"end":{"line":232,"column":45}}},"6":{"name":"(anonymous_6)","line":236,"loc":{"start":{"line":236,"column":45},"end":{"line":236,"column":62}}},"7":{"name":"internal_on","line":246,"loc":{"start":{"line":246,"column":0},"end":{"line":246,"column":23}}},"8":{"name":"profile","line":264,"loc":{"start":{"line":264,"column":0},"end":{"line":264,"column":19}}},"9":{"name":"startCpuProfiling","line":268,"loc":{"start":{"line":268,"column":0},"end":{"line":268,"column":29}}},"10":{"name":"stopCpuProfiling","line":282,"loc":{"start":{"line":282,"column":0},"end":{"line":282,"column":36}}},"11":{"name":"(anonymous_11)","line":286,"loc":{"start":{"line":286,"column":30},"end":{"line":286,"column":45}}},"12":{"name":"startTrackingObjects","line":296,"loc":{"start":{"line":296,"column":0},"end":{"line":296,"column":32}}},"13":{"name":"stopTrackingObjects","line":301,"loc":{"start":{"line":301,"column":0},"end":{"line":301,"column":31}}},"14":{"name":"isPositive","line":309,"loc":{"start":{"line":309,"column":0},"end":{"line":309,"column":23}}},"15":{"name":"assertPositive","line":313,"loc":{"start":{"line":313,"column":0},"end":{"line":313,"column":27}}},"16":{"name":"createEventLoopListener","line":318,"loc":{"start":{"line":318,"column":0},"end":{"line":318,"column":35}}},"17":{"name":"(anonymous_17)","line":319,"loc":{"start":{"line":319,"column":21},"end":{"line":319,"column":35}}},"18":{"name":"createCpuListener","line":328,"loc":{"start":{"line":328,"column":0},"end":{"line":328,"column":29}}},"19":{"name":"(anonymous_19)","line":329,"loc":{"start":{"line":329,"column":20},"end":{"line":329,"column":34}}},"20":{"name":"createHeapListener","line":339,"loc":{"start":{"line":339,"column":0},"end":{"line":339,"column":30}}},"21":{"name":"(anonymous_21)","line":340,"loc":{"start":{"line":340,"column":21},"end":{"line":340,"column":35}}},"22":{"name":"createGcListener","line":347,"loc":{"start":{"line":347,"column":0},"end":{"line":347,"column":28}}},"23":{"name":"(anonymous_23)","line":348,"loc":{"start":{"line":348,"column":19},"end":{"line":348,"column":33}}},"24":{"name":"createHttpListener","line":354,"loc":{"start":{"line":354,"column":0},"end":{"line":354,"column":30}}},"25":{"name":"(anonymous_25)","line":356,"loc":{"start":{"line":356,"column":21},"end":{"line":356,"column":36}}},"26":{"name":"createMessageListener","line":363,"loc":{"start":{"line":363,"column":0},"end":{"line":363,"column":33}}},"27":{"name":"incrementCounts","line":368,"loc":{"start":{"line":368,"column":2},"end":{"line":368,"column":33}}},"28":{"name":"createProbeListener","line":387,"loc":{"start":{"line":387,"column":0},"end":{"line":387,"column":40}}},"29":{"name":"(anonymous_29)","line":388,"loc":{"start":{"line":388,"column":24},"end":{"line":388,"column":38}}},"30":{"name":"getEventLoopData","line":402,"loc":{"start":{"line":402,"column":0},"end":{"line":402,"column":28}}},"31":{"name":"getCpuData","line":420,"loc":{"start":{"line":420,"column":0},"end":{"line":420,"column":22}}},"32":{"name":"getHttpData","line":439,"loc":{"start":{"line":439,"column":0},"end":{"line":439,"column":23}}},"33":{"name":"getProbeData","line":450,"loc":{"start":{"line":450,"column":0},"end":{"line":450,"column":33}}},"34":{"name":"getHeapData","line":470,"loc":{"start":{"line":470,"column":0},"end":{"line":470,"column":23}}},"35":{"name":"getGcHeapData","line":479,"loc":{"start":{"line":479,"column":0},"end":{"line":479,"column":25}}},"36":{"name":"getMessageData","line":492,"loc":{"start":{"line":492,"column":0},"end":{"line":492,"column":26}}},"37":{"name":"compareHistograms","line":499,"loc":{"start":{"line":499,"column":0},"end":{"line":499,"column":55}}},"38":{"name":"initialise","line":534,"loc":{"start":{"line":534,"column":0},"end":{"line":534,"column":22}}},"39":{"name":"updateMetrics","line":549,"loc":{"start":{"line":549,"column":0},"end":{"line":549,"column":41}}},"40":{"name":"lrtime","line":566,"loc":{"start":{"line":566,"column":0},"end":{"line":566,"column":18}}}},"statementMap":{"1":{"start":{"line":8,"column":0},"end":{"line":8,"column":50}},"2":{"start":{"line":9,"column":0},"end":{"line":9,"column":31}},"3":{"start":{"line":10,"column":0},"end":{"line":10,"column":15}},"4":{"start":{"line":11,"column":0},"end":{"line":11,"column":30}},"5":{"start":{"line":12,"column":0},"end":{"line":12,"column":39}},"6":{"start":{"line":13,"column":0},"end":{"line":13,"column":42}},"7":{"start":{"line":14,"column":0},"end":{"line":14,"column":12}},"8":{"start":{"line":15,"column":0},"end":{"line":15,"column":27}},"9":{"start":{"line":19,"column":0},"end":{"line":19,"column":44}},"10":{"start":{"line":22,"column":0},"end":{"line":27,"column":2}},"11":{"start":{"line":29,"column":0},"end":{"line":32,"column":2}},"12":{"start":{"line":34,"column":0},"end":{"line":36,"column":2}},"13":{"start":{"line":38,"column":0},"end":{"line":38,"column":18}},"14":{"start":{"line":39,"column":0},"end":{"line":39,"column":26}},"15":{"start":{"line":40,"column":0},"end":{"line":40,"column":26}},"16":{"start":{"line":41,"column":0},"end":{"line":41,"column":22}},"17":{"start":{"line":42,"column":0},"end":{"line":42,"column":28}},"18":{"start":{"line":43,"column":0},"end":{"line":43,"column":26}},"19":{"start":{"line":44,"column":0},"end":{"line":44,"column":24}},"20":{"start":{"line":48,"column":0},"end":{"line":53,"column":2}},"21":{"start":{"line":54,"column":0},"end":{"line":58,"column":2}},"22":{"start":{"line":59,"column":0},"end":{"line":61,"column":2}},"23":{"start":{"line":62,"column":0},"end":{"line":74,"column":2}},"24":{"start":{"line":75,"column":0},"end":{"line":75,"column":22}},"25":{"start":{"line":76,"column":0},"end":{"line":80,"column":2}},"26":{"start":{"line":81,"column":0},"end":{"line":84,"column":2}},"27":{"start":{"line":85,"column":0},"end":{"line":88,"column":2}},"28":{"start":{"line":91,"column":0},"end":{"line":91,"column":22}},"29":{"start":{"line":92,"column":0},"end":{"line":92,"column":34}},"30":{"start":{"line":93,"column":0},"end":{"line":93,"column":29}},"31":{"start":{"line":96,"column":0},"end":{"line":96,"column":69}},"32":{"start":{"line":97,"column":0},"end":{"line":98,"column":59}},"33":{"start":{"line":103,"column":0},"end":{"line":206,"column":1}},"34":{"start":{"line":107,"column":2},"end":{"line":168,"column":31}},"35":{"start":{"line":109,"column":4},"end":{"line":109,"column":43}},"36":{"start":{"line":110,"column":4},"end":{"line":110,"column":31}},"37":{"start":{"line":111,"column":4},"end":{"line":111,"column":33}},"38":{"start":{"line":112,"column":4},"end":{"line":112,"column":33}},"39":{"start":{"line":113,"column":4},"end":{"line":113,"column":35}},"40":{"start":{"line":114,"column":4},"end":{"line":114,"column":39}},"41":{"start":{"line":116,"column":4},"end":{"line":116,"column":46}},"42":{"start":{"line":118,"column":4},"end":{"line":126,"column":5}},"43":{"start":{"line":122,"column":6},"end":{"line":122,"column":66}},"44":{"start":{"line":123,"column":6},"end":{"line":123,"column":70}},"45":{"start":{"line":124,"column":6},"end":{"line":124,"column":70}},"46":{"start":{"line":125,"column":6},"end":{"line":125,"column":70}},"47":{"start":{"line":128,"column":4},"end":{"line":128,"column":34}},"48":{"start":{"line":130,"column":4},"end":{"line":137,"column":5}},"49":{"start":{"line":134,"column":6},"end":{"line":134,"column":61}},"50":{"start":{"line":135,"column":6},"end":{"line":135,"column":59}},"51":{"start":{"line":136,"column":6},"end":{"line":136,"column":57}},"52":{"start":{"line":139,"column":4},"end":{"line":139,"column":70}},"53":{"start":{"line":142,"column":4},"end":{"line":142,"column":18}},"54":{"start":{"line":144,"column":4},"end":{"line":152,"column":5}},"55":{"start":{"line":145,"column":6},"end":{"line":151,"column":7}},"56":{"start":{"line":146,"column":8},"end":{"line":146,"column":47}},"57":{"start":{"line":147,"column":8},"end":{"line":147,"column":75}},"58":{"start":{"line":148,"column":8},"end":{"line":148,"column":79}},"59":{"start":{"line":149,"column":8},"end":{"line":149,"column":79}},"60":{"start":{"line":150,"column":8},"end":{"line":150,"column":79}},"61":{"start":{"line":154,"column":4},"end":{"line":156,"column":5}},"62":{"start":{"line":155,"column":6},"end":{"line":155,"column":41}},"63":{"start":{"line":158,"column":4},"end":{"line":161,"column":5}},"64":{"start":{"line":159,"column":6},"end":{"line":159,"column":61}},"65":{"start":{"line":160,"column":6},"end":{"line":160,"column":59}},"66":{"start":{"line":163,"column":4},"end":{"line":166,"column":5}},"67":{"start":{"line":164,"column":6},"end":{"line":164,"column":55}},"68":{"start":{"line":165,"column":6},"end":{"line":165,"column":58}},"69":{"start":{"line":170,"column":2},"end":{"line":205,"column":45}},"70":{"start":{"line":171,"column":4},"end":{"line":171,"column":48}},"71":{"start":{"line":172,"column":4},"end":{"line":204,"column":5}},"72":{"start":{"line":173,"column":6},"end":{"line":203,"column":7}},"73":{"start":{"line":174,"column":8},"end":{"line":174,"column":56}},"74":{"start":{"line":175,"column":8},"end":{"line":176,"column":63}},"75":{"start":{"line":177,"column":8},"end":{"line":177,"column":77}},"76":{"start":{"line":178,"column":8},"end":{"line":178,"column":40}},"77":{"start":{"line":180,"column":8},"end":{"line":199,"column":9}},"78":{"start":{"line":181,"column":10},"end":{"line":181,"column":41}},"79":{"start":{"line":190,"column":10},"end":{"line":198,"column":11}},"80":{"start":{"line":191,"column":12},"end":{"line":191,"column":38}},"81":{"start":{"line":192,"column":12},"end":{"line":192,"column":62}},"82":{"start":{"line":194,"column":12},"end":{"line":197,"column":13}},"83":{"start":{"line":195,"column":14},"end":{"line":195,"column":65}},"84":{"start":{"line":196,"column":14},"end":{"line":196,"column":63}},"85":{"start":{"line":201,"column":8},"end":{"line":202,"column":73}},"86":{"start":{"line":208,"column":0},"end":{"line":244,"column":1}},"87":{"start":{"line":209,"column":2},"end":{"line":209,"column":38}},"88":{"start":{"line":211,"column":2},"end":{"line":243,"column":3}},"89":{"start":{"line":212,"column":4},"end":{"line":212,"column":39}},"90":{"start":{"line":213,"column":4},"end":{"line":213,"column":34}},"91":{"start":{"line":215,"column":4},"end":{"line":215,"column":35}},"92":{"start":{"line":216,"column":4},"end":{"line":216,"column":35}},"93":{"start":{"line":217,"column":4},"end":{"line":217,"column":17}},"94":{"start":{"line":218,"column":4},"end":{"line":218,"column":29}},"95":{"start":{"line":220,"column":4},"end":{"line":220,"column":35}},"96":{"start":{"line":222,"column":4},"end":{"line":223,"column":53}},"97":{"start":{"line":225,"column":4},"end":{"line":226,"column":76}},"98":{"start":{"line":226,"column":6},"end":{"line":226,"column":76}},"99":{"start":{"line":232,"column":4},"end":{"line":241,"column":7}},"100":{"start":{"line":233,"column":6},"end":{"line":240,"column":7}},"101":{"start":{"line":236,"column":10},"end":{"line":238,"column":13}},"102":{"start":{"line":237,"column":12},"end":{"line":237,"column":57}},"103":{"start":{"line":239,"column":10},"end":{"line":239,"column":16}},"104":{"start":{"line":246,"column":0},"end":{"line":248,"column":1}},"105":{"start":{"line":264,"column":0},"end":{"line":265,"column":1}},"106":{"start":{"line":268,"column":0},"end":{"line":280,"column":1}},"107":{"start":{"line":269,"column":2},"end":{"line":269,"column":10}},"108":{"start":{"line":271,"column":2},"end":{"line":279,"column":3}},"109":{"start":{"line":272,"column":4},"end":{"line":272,"column":21}},"110":{"start":{"line":275,"column":4},"end":{"line":275,"column":42}},"111":{"start":{"line":276,"column":4},"end":{"line":276,"column":80}},"112":{"start":{"line":277,"column":4},"end":{"line":277,"column":35}},"113":{"start":{"line":282,"column":0},"end":{"line":293,"column":1}},"114":{"start":{"line":283,"column":2},"end":{"line":292,"column":3}},"115":{"start":{"line":286,"column":4},"end":{"line":288,"column":7}},"116":{"start":{"line":287,"column":6},"end":{"line":287,"column":37}},"117":{"start":{"line":290,"column":4},"end":{"line":290,"column":22}},"118":{"start":{"line":291,"column":4},"end":{"line":291,"column":36}},"119":{"start":{"line":296,"column":0},"end":{"line":299,"column":1}},"120":{"start":{"line":297,"column":2},"end":{"line":297,"column":10}},"121":{"start":{"line":298,"column":2},"end":{"line":298,"column":31}},"122":{"start":{"line":301,"column":0},"end":{"line":304,"column":1}},"123":{"start":{"line":302,"column":2},"end":{"line":302,"column":32}},"124":{"start":{"line":303,"column":2},"end":{"line":303,"column":27}},"125":{"start":{"line":309,"column":0},"end":{"line":311,"column":1}},"126":{"start":{"line":310,"column":2},"end":{"line":310,"column":41}},"127":{"start":{"line":313,"column":0},"end":{"line":316,"column":1}},"128":{"start":{"line":314,"column":2},"end":{"line":314,"column":24}},"129":{"start":{"line":315,"column":2},"end":{"line":315,"column":11}},"130":{"start":{"line":318,"column":0},"end":{"line":326,"column":1}},"131":{"start":{"line":319,"column":2},"end":{"line":325,"column":5}},"132":{"start":{"line":321,"column":4},"end":{"line":321,"column":39}},"133":{"start":{"line":322,"column":4},"end":{"line":322,"column":43}},"134":{"start":{"line":323,"column":4},"end":{"line":323,"column":43}},"135":{"start":{"line":324,"column":4},"end":{"line":324,"column":43}},"136":{"start":{"line":328,"column":0},"end":{"line":337,"column":1}},"137":{"start":{"line":329,"column":2},"end":{"line":336,"column":5}},"138":{"start":{"line":333,"column":4},"end":{"line":333,"column":44}},"139":{"start":{"line":334,"column":4},"end":{"line":334,"column":43}},"140":{"start":{"line":335,"column":4},"end":{"line":335,"column":23}},"141":{"start":{"line":339,"column":0},"end":{"line":345,"column":1}},"142":{"start":{"line":340,"column":2},"end":{"line":344,"column":5}},"143":{"start":{"line":341,"column":4},"end":{"line":341,"column":35}},"144":{"start":{"line":342,"column":4},"end":{"line":342,"column":33}},"145":{"start":{"line":343,"column":4},"end":{"line":343,"column":24}},"146":{"start":{"line":347,"column":0},"end":{"line":352,"column":1}},"147":{"start":{"line":348,"column":2},"end":{"line":351,"column":5}},"148":{"start":{"line":349,"column":4},"end":{"line":349,"column":31}},"149":{"start":{"line":350,"column":4},"end":{"line":350,"column":22}},"150":{"start":{"line":354,"column":0},"end":{"line":361,"column":1}},"151":{"start":{"line":356,"column":2},"end":{"line":360,"column":5}},"152":{"start":{"line":359,"column":4},"end":{"line":359,"column":24}},"153":{"start":{"line":363,"column":0},"end":{"line":385,"column":1}},"154":{"start":{"line":366,"column":2},"end":{"line":366,"column":43}},"155":{"start":{"line":367,"column":2},"end":{"line":367,"column":38}},"156":{"start":{"line":368,"column":2},"end":{"line":384,"column":3}},"157":{"start":{"line":369,"column":4},"end":{"line":378,"column":6}},"158":{"start":{"line":379,"column":4},"end":{"line":383,"column":5}},"159":{"start":{"line":380,"column":6},"end":{"line":380,"column":28}},"160":{"start":{"line":381,"column":11},"end":{"line":383,"column":5}},"161":{"start":{"line":382,"column":6},"end":{"line":382,"column":32}},"162":{"start":{"line":387,"column":0},"end":{"line":400,"column":1}},"163":{"start":{"line":388,"column":2},"end":{"line":399,"column":5}},"164":{"start":{"line":390,"column":4},"end":{"line":395,"column":5}},"165":{"start":{"line":391,"column":6},"end":{"line":394,"column":8}},"166":{"start":{"line":398,"column":4},"end":{"line":398,"column":43}},"167":{"start":{"line":402,"column":0},"end":{"line":418,"column":1}},"168":{"start":{"line":404,"column":2},"end":{"line":409,"column":4}},"169":{"start":{"line":412,"column":2},"end":{"line":412,"column":29}},"170":{"start":{"line":413,"column":2},"end":{"line":413,"column":34}},"171":{"start":{"line":414,"column":2},"end":{"line":414,"column":34}},"172":{"start":{"line":415,"column":2},"end":{"line":415,"column":43}},"173":{"start":{"line":417,"column":2},"end":{"line":417,"column":24}},"174":{"start":{"line":420,"column":0},"end":{"line":437,"column":1}},"175":{"start":{"line":421,"column":2},"end":{"line":421,"column":31}},"176":{"start":{"line":422,"column":2},"end":{"line":422,"column":53}},"177":{"start":{"line":423,"column":2},"end":{"line":423,"column":49}},"178":{"start":{"line":424,"column":2},"end":{"line":429,"column":4}},"179":{"start":{"line":432,"column":2},"end":{"line":432,"column":24}},"180":{"start":{"line":433,"column":2},"end":{"line":433,"column":22}},"181":{"start":{"line":434,"column":2},"end":{"line":434,"column":23}},"182":{"start":{"line":436,"column":2},"end":{"line":436,"column":18}},"183":{"start":{"line":439,"column":0},"end":{"line":448,"column":1}},"184":{"start":{"line":440,"column":2},"end":{"line":442,"column":4}},"185":{"start":{"line":445,"column":2},"end":{"line":445,"column":24}},"186":{"start":{"line":447,"column":2},"end":{"line":447,"column":19}},"187":{"start":{"line":450,"column":0},"end":{"line":468,"column":1}},"188":{"start":{"line":453,"column":2},"end":{"line":453,"column":42}},"189":{"start":{"line":454,"column":2},"end":{"line":454,"column":30}},"190":{"start":{"line":455,"column":2},"end":{"line":455,"column":59}},"191":{"start":{"line":457,"column":2},"end":{"line":462,"column":4}},"192":{"start":{"line":465,"column":2},"end":{"line":465,"column":38}},"193":{"start":{"line":467,"column":2},"end":{"line":467,"column":20}},"194":{"start":{"line":470,"column":0},"end":{"line":477,"column":1}},"195":{"start":{"line":471,"column":2},"end":{"line":471,"column":33}},"196":{"start":{"line":474,"column":2},"end":{"line":474,"column":19}},"197":{"start":{"line":476,"column":2},"end":{"line":476,"column":22}},"198":{"start":{"line":479,"column":0},"end":{"line":490,"column":1}},"199":{"start":{"line":480,"column":2},"end":{"line":488,"column":3}},"200":{"start":{"line":481,"column":4},"end":{"line":481,"column":52}},"201":{"start":{"line":484,"column":4},"end":{"line":484,"column":23}},"202":{"start":{"line":485,"column":4},"end":{"line":485,"column":24}},"203":{"start":{"line":487,"column":4},"end":{"line":487,"column":18}},"204":{"start":{"line":489,"column":2},"end":{"line":489,"column":18}},"205":{"start":{"line":492,"column":0},"end":{"line":497,"column":1}},"206":{"start":{"line":493,"column":2},"end":{"line":493,"column":41}},"207":{"start":{"line":494,"column":2},"end":{"line":494,"column":26}},"208":{"start":{"line":495,"column":2},"end":{"line":495,"column":30}},"209":{"start":{"line":496,"column":2},"end":{"line":496,"column":27}},"210":{"start":{"line":499,"column":0},"end":{"line":532,"column":1}},"211":{"start":{"line":500,"column":2},"end":{"line":500,"column":24}},"212":{"start":{"line":503,"column":2},"end":{"line":516,"column":3}},"213":{"start":{"line":504,"column":4},"end":{"line":504,"column":38}},"214":{"start":{"line":505,"column":4},"end":{"line":505,"column":38}},"215":{"start":{"line":506,"column":4},"end":{"line":506,"column":18}},"216":{"start":{"line":507,"column":4},"end":{"line":514,"column":5}},"217":{"start":{"line":508,"column":6},"end":{"line":508,"column":27}},"218":{"start":{"line":510,"column":6},"end":{"line":513,"column":8}},"219":{"start":{"line":515,"column":4},"end":{"line":515,"column":35}},"220":{"start":{"line":519,"column":2},"end":{"line":529,"column":3}},"221":{"start":{"line":520,"column":4},"end":{"line":520,"column":34}},"222":{"start":{"line":521,"column":4},"end":{"line":521,"column":35}},"223":{"start":{"line":522,"column":4},"end":{"line":528,"column":5}},"224":{"start":{"line":523,"column":6},"end":{"line":526,"column":8}},"225":{"start":{"line":527,"column":6},"end":{"line":527,"column":37}},"226":{"start":{"line":531,"column":2},"end":{"line":531,"column":22}},"227":{"start":{"line":534,"column":0},"end":{"line":547,"column":1}},"228":{"start":{"line":536,"column":2},"end":{"line":536,"column":28}},"229":{"start":{"line":537,"column":2},"end":{"line":537,"column":22}},"230":{"start":{"line":538,"column":2},"end":{"line":538,"column":23}},"231":{"start":{"line":539,"column":2},"end":{"line":539,"column":21}},"232":{"start":{"line":540,"column":2},"end":{"line":540,"column":26}},"233":{"start":{"line":541,"column":2},"end":{"line":541,"column":23}},"234":{"start":{"line":543,"column":2},"end":{"line":546,"column":3}},"235":{"start":{"line":545,"column":4},"end":{"line":545,"column":38}},"236":{"start":{"line":549,"column":0},"end":{"line":564,"column":1}},"237":{"start":{"line":551,"column":2},"end":{"line":551,"column":40}},"238":{"start":{"line":554,"column":2},"end":{"line":556,"column":3}},"239":{"start":{"line":555,"column":4},"end":{"line":555,"column":24}},"240":{"start":{"line":557,"column":2},"end":{"line":559,"column":3}},"241":{"start":{"line":558,"column":4},"end":{"line":558,"column":24}},"242":{"start":{"line":562,"column":2},"end":{"line":562,"column":32}},"243":{"start":{"line":563,"column":2},"end":{"line":563,"column":18}},"244":{"start":{"line":566,"column":0},"end":{"line":569,"column":1}},"245":{"start":{"line":567,"column":2},"end":{"line":567,"column":10}},"246":{"start":{"line":568,"column":2},"end":{"line":568,"column":29}}},"branchMap":{"1":{"line":96,"type":"binary-expr","locations":[{"start":{"line":96,"column":23},"end":{"line":96,"column":59}},{"start":{"line":96,"column":63},"end":{"line":96,"column":68}}]},"2":{"line":98,"type":"binary-expr","locations":[{"start":{"line":98,"column":2},"end":{"line":98,"column":49}},{"start":{"line":98,"column":53},"end":{"line":98,"column":58}}]},"3":{"line":118,"type":"if","locations":[{"start":{"line":118,"column":4},"end":{"line":118,"column":4}},{"start":{"line":118,"column":4},"end":{"line":118,"column":4}}]},"4":{"line":130,"type":"if","locations":[{"start":{"line":130,"column":4},"end":{"line":130,"column":4}},{"start":{"line":130,"column":4},"end":{"line":130,"column":4}}]},"5":{"line":145,"type":"if","locations":[{"start":{"line":145,"column":6},"end":{"line":145,"column":6}},{"start":{"line":145,"column":6},"end":{"line":145,"column":6}}]},"6":{"line":154,"type":"if","locations":[{"start":{"line":154,"column":4},"end":{"line":154,"column":4}},{"start":{"line":154,"column":4},"end":{"line":154,"column":4}}]},"7":{"line":158,"type":"if","locations":[{"start":{"line":158,"column":4},"end":{"line":158,"column":4}},{"start":{"line":158,"column":4},"end":{"line":158,"column":4}}]},"8":{"line":158,"type":"binary-expr","locations":[{"start":{"line":158,"column":8},"end":{"line":158,"column":22}},{"start":{"line":158,"column":26},"end":{"line":158,"column":39}}]},"9":{"line":163,"type":"if","locations":[{"start":{"line":163,"column":4},"end":{"line":163,"column":4}},{"start":{"line":163,"column":4},"end":{"line":163,"column":4}}]},"10":{"line":163,"type":"binary-expr","locations":[{"start":{"line":163,"column":8},"end":{"line":163,"column":28}},{"start":{"line":163,"column":32},"end":{"line":163,"column":56}}]},"11":{"line":172,"type":"if","locations":[{"start":{"line":172,"column":4},"end":{"line":172,"column":4}},{"start":{"line":172,"column":4},"end":{"line":172,"column":4}}]},"12":{"line":173,"type":"if","locations":[{"start":{"line":173,"column":6},"end":{"line":173,"column":6}},{"start":{"line":173,"column":6},"end":{"line":173,"column":6}}]},"13":{"line":190,"type":"if","locations":[{"start":{"line":190,"column":10},"end":{"line":190,"column":10}},{"start":{"line":190,"column":10},"end":{"line":190,"column":10}}]},"14":{"line":194,"type":"if","locations":[{"start":{"line":194,"column":12},"end":{"line":194,"column":12}},{"start":{"line":194,"column":12},"end":{"line":194,"column":12}}]},"15":{"line":194,"type":"binary-expr","locations":[{"start":{"line":194,"column":16},"end":{"line":194,"column":33}},{"start":{"line":194,"column":37},"end":{"line":194,"column":53}}]},"16":{"line":211,"type":"if","locations":[{"start":{"line":211,"column":2},"end":{"line":211,"column":2}},{"start":{"line":211,"column":2},"end":{"line":211,"column":2}}]},"17":{"line":225,"type":"if","locations":[{"start":{"line":225,"column":4},"end":{"line":225,"column":4}},{"start":{"line":225,"column":4},"end":{"line":225,"column":4}}]},"18":{"line":233,"type":"switch","locations":[{"start":{"line":234,"column":8},"end":{"line":239,"column":16}}]},"19":{"line":271,"type":"if","locations":[{"start":{"line":271,"column":2},"end":{"line":271,"column":2}},{"start":{"line":271,"column":2},"end":{"line":271,"column":2}}]},"20":{"line":283,"type":"if","locations":[{"start":{"line":283,"column":2},"end":{"line":283,"column":2}},{"start":{"line":283,"column":2},"end":{"line":283,"column":2}}]},"21":{"line":310,"type":"binary-expr","locations":[{"start":{"line":310,"column":9},"end":{"line":310,"column":30}},{"start":{"line":310,"column":34},"end":{"line":310,"column":40}}]},"22":{"line":379,"type":"if","locations":[{"start":{"line":379,"column":4},"end":{"line":379,"column":4}},{"start":{"line":379,"column":4},"end":{"line":379,"column":4}}]},"23":{"line":381,"type":"if","locations":[{"start":{"line":381,"column":11},"end":{"line":381,"column":11}},{"start":{"line":381,"column":11},"end":{"line":381,"column":11}}]},"24":{"line":390,"type":"if","locations":[{"start":{"line":390,"column":4},"end":{"line":390,"column":4}},{"start":{"line":390,"column":4},"end":{"line":390,"column":4}}]},"25":{"line":422,"type":"cond-expr","locations":[{"start":{"line":422,"column":23},"end":{"line":422,"column":48}},{"start":{"line":422,"column":51},"end":{"line":422,"column":52}}]},"26":{"line":423,"type":"cond-expr","locations":[{"start":{"line":423,"column":21},"end":{"line":423,"column":44}},{"start":{"line":423,"column":47},"end":{"line":423,"column":48}}]},"27":{"line":455,"type":"cond-expr","locations":[{"start":{"line":455,"column":24},"end":{"line":455,"column":54}},{"start":{"line":455,"column":57},"en
[...]
ng-supervisor/lib/tracer.js","s":{"1":1,"2":1,"3":1,"4":1,"5":1,"6":1,"7":1,"8":0,"9":1,"10":0,"11":0,"12":0,"13":0,"14":0,"15":0},"b":{"1":[0,0]},"f":{"1":0,"2":0},"fnMap":{"1":{"name":"tracer","line":25,"loc":{"start":{"line":25,"column":0},"end":{"line":25,"column":18}}},"2":{"name":"start","line":29,"loc":{"start":{"line":29,"column":0},"end":{"line":29,"column":17}}}},"statementMap":{"1":{"start":{"line":8,"column":0},"end":{"line":8,"column":27}},"2":{"start":{"line":9,"column":0},"end":{"line":9,"column":31}},"3":{"start":{"line":11,"column":0},"end":{"line":11,"column":34}},"4":{"start":{"line":12,"column":0},"end":{"line":12,"column":22}},"5":{"start":{"line":14,"column":0},"end":{"line":14,"column":18}},"6":{"start":{"line":16,"column":0},"end":{"line":23,"column":2}},"7":{"start":{"line":25,"column":0},"end":{"line":27,"column":1}},"8":{"start":{"line":26,"column":2},"end":{"line":26,"column":16}},"9":{"start":{"line":29,"column":0},"end":{"line":40,"column":1}},"10":{"start":{"line":30,"column":2},"end":{"line":30,"column":18}},"11":{"start":{"line":32,"column":2},"end":{"line":32,"column":34}},"12":{"start":{"line":33,"column":2},"end":{"line":38,"column":3}},"13":{"start":{"line":36,"column":4},"end":{"line":36,"column":50}},"14":{"start":{"line":37,"column":4},"end":{"line":37,"column":46}},"15":{"start":{"line":39,"column":2},"end":{"line":39,"column":16}}},"branchMap":{"1":{"line":33,"type":"if","locations":[{"start":{"line":33,"column":2},"end":{"line":33,"column":2}},{"start":{"line":33,"column":2},"end":{"line":33,"column":2}}]}},"code":["// Copyright IBM Corp. 2015,2016. All Rights Reserved.","// Node module: strong-supervisor","// This file is licensed under the Artistic License 2.0.","// License text available at https://opensource.org/licenses/Artistic-2.0","","'use strict';","","var app = require('./app');","var assert = require('assert');","","exports = module.exports = tracer;","exports.start = start;","","var TRACER = null;","","var options = {","  archiveInterval: 20000,","  accountKey: undefined, // Filled in later","  useHttp: false,","  blacklist: ['*node_modules/appmetrics/*'],","  wrap_timers: false,","  traceId: process.env.STRONGLOOP_TRACES_ID, // returned as hostname in trace","};","","function tracer() {","  return TRACER;","}","","function start() {","  assert(!TRACER);","  // This is delayed to allow process.env to be modified up until start time.","  options.accountKey = app.name();","  if (options.accountKey) {","    // This is delayed because requiring appmetrics causes it to monkey-patch,","    // which should not occur unless profiling or tracing is enabled.","    options.lrtime = require('appmetrics').lrtime;","    TRACER = require('strong-trace')(options);","  }","  return TRACER;","}",""],"l":{"8":1,"9":1,"11":1,"12":1,"14":1,"16":1,"25":1,"26":0,"29":1,"30":0,"32":0,"33":0,"36":0,"37":0,"39":0}},"/home/travis/build/npmtest/node-npmtest-strong-supervisor/node_modules/strong-supervisor/lib/watcher.js":{"path":"/home/travis/build/npmtest/node-npmtest-strong-supervisor/node_modules/strong-supervisor/lib/watcher.js","s":{"1":1,"2":1,"3":1,"4":1,"5":1,"6":1,"7":1,"8":1,"9":1,"10":4,"11":4,"12":4,"13":1,"14":0,"15":0,"16":0,"17":0,"18":0,"19":0,"20":0,"21":0,"22":0,"23":0,"24":0,"25":0,"26":0,"27":0,"28":0,"29":0,"30":0,"31":0,"32":0,"33":0,"34":0,"35":0,"36":0,"37":0,"38":0,"39":0,"40":0,"41":0,"42":0,"43":0,"44":0,"45":0,"46":0,"47":0,"48":0,"49":0,"50":0,"51":0,"52":0,"53":0,"54":0,"55":0},"b":{"1":[0,0],"2":[0,0,0],"3":[0,0],"4":[0,0],"5":[0,0],"6":[0,0]},"f":{"1":4,"2":0,"3":0,"4":0,"5":0,"6":0,"7":0,"8":0,"9":0,"10":0},"fnMap":{"1":{"name":"(anonymous_1)","line":19,"loc":{"start":{"line":19,"column":30},"end":{"line":19,"column":42}}},"2":{"name":"(anonymous_2)","line":25,"loc":{"start":{"line":25,"column":16},"end":{"line":25,"column":69}}},"3":{"name":"(anonymous_3)","line":36,"loc":{"start":{"line":36,"column":30},"end":{"line":36,"column":47}}},"4":{"name":"(anonymous_4)","line":37,"loc":{"start":{"line":37,"column":27},"end":{"line":37,"column":41}}},"5":{"name":"(anonymous_5)","line":57,"loc":{"start":{"line":57,"column":25},"end":{"line":57,"column":43}}},"6":{"name":"emit","line":67,"loc":{"start":{"line":67,"column":14},"end":{"line":67,"column":33}}},"7":{"name":"send","line":74,"loc":{"start":{"line":74,"column":14},"end":{"line":74,"column":33}}},"8":{"name":"emit","line":97,"loc":{"start":{"line":97,"column":14},"end":{"line":97,"column":33}}},"9":{"name":"on","line":107,"loc":{"start":{"line":107,"column":12},"end":{"line":107,"column":41}}},"10":{"name":"notify","line":111,"loc":{"start":{"line":111,"column":14},"end":{"line":111,"column":35}}}},"statementMap":{"1":{"start":{"line":8,"column":0},"end":{"line":8,"column":50}},"2":{"start":{"line":9,"column":0},"end":{"line":9,"column":31}},"3":{"start":{"line":10,"column":0},"end":{"line":10,"column":42}},"4":{"start":{"line":11,"column":0},"end":{"line":11,"column":23}},"5":{"start":{"line":12,"column":0},"end":{"line":12,"column":27}},"6":{"start":{"line":14,"column":0},"end":{"line":14,"column":46}},"7":{"start":{"line":15,"column":0},"end":{"line":15,"column":33}},"8":{"start":{"line":17,"column":0},"end":{"line":17,"column":29}},"9":{"start":{"line":19,"column":0},"end":{"line":23,"column":3}},"10":{"start":{"line":20,"column":2},"end":{"line":20,"column":47}},"11":{"start":{"line":21,"column":2},"end":{"line":21,"column":38}},"12":{"start":{"line":22,"column":2},"end":{"line":22,"column":17}},"13":{"start":{"line":25,"column":0},"end":{"line":119,"column":2}},"14":{"start":{"line":26,"column":2},"end":{"line":26,"column":10}},"15":{"start":{"line":30,"column":2},"end":{"line":30,"column":18}},"16":{"start":{"line":31,"column":2},"end":{"line":31,"column":25}},"17":{"start":{"line":33,"column":2},"end":{"line":55,"column":3}},"18":{"start":{"line":34,"column":4},"end":{"line":34,"column":27}},"19":{"start":{"line":36,"column":4},"end":{"line":54,"column":7}},"20":{"start":{"line":37,"column":6},"end":{"line":53,"column":9}},"21":{"start":{"line":38,"column":8},"end":{"line":38,"column":26}},"22":{"start":{"line":39,"column":8},"end":{"line":39,"column":22}},"23":{"start":{"line":41,"column":8},"end":{"line":52,"column":9}},"24":{"start":{"line":43,"column":12},"end":{"line":43,"column":59}},"25":{"start":{"line":44,"column":12},"end":{"line":44,"column":43}},"26":{"start":{"line":45,"column":12},"end":{"line":45,"column":18}},"27":{"start":{"line":47,"column":12},"end":{"line":47,"column":61}},"28":{"start":{"line":48,"column":12},"end":{"line":48,"column":34}},"29":{"start":{"line":49,"column":12},"end":{"line":49,"column":18}},"30":{"start":{"line":51,"column":12},"end":{"line":51,"column":18}},"31":{"start":{"line":57,"column":2},"end":{"line":118,"column":5}},"32":{"start":{"line":58,"column":4},"end":{"line":58,"column":59}},"33":{"start":{"line":60,"column":4},"end":{"line":60,"column":69}},"34":{"start":{"line":62,"column":4},"end":{"line":83,"column":5}},"35":{"start":{"line":63,"column":6},"end":{"line":63,"column":20}},"36":{"start":{"line":64,"column":6},"end":{"line":81,"column":9}},"37":{"start":{"line":68,"column":10},"end":{"line":68,"column":44}},"38":{"start":{"line":69,"column":10},"end":{"line":72,"column":13}},"39":{"start":{"line":75,"column":10},"end":{"line":75,"column":44}},"40":{"start":{"line":76,"column":10},"end":{"line":79,"column":13}},"41":{"start":{"line":82,"column":6},"end":{"line":82,"column":13}},"42":{"start":{"line":85,"column":4},"end":{"line":88,"column":5}},"43":{"start":{"line":86,"column":6},"end":{"line":86,"column":28}},"44":{"start":{"line":87,"column":6},"end":{"line":87,"column":13}},"45":{"start":{"line":90,"column":4},"end":{"line":90,"column":29}},"46":{"start":{"line":92,"column":4},"end":{"line":92,"column":48}},"47":{"start":{"line":93,"column":4},"end":{"line":116,"column":5}},"48":{"start":{"line":94,"column":6},"end":{"line":115,"column":9}},"49":{"start":{"line":99,"column":10},"end":{"line":103,"column":12}},"50":{"start":{"line":104,"column":10},"end":{"line":104,"column":57}},"51":{"start":{"line":105,"column":10},"end":{"line":105,"column":41}},"52":{"start":{"line":108,"column":10},"end":{"line":108,"column":39}},"53":{"start":{"line":109,"column":10},"end":{"line":109,"column":34}},"54":{"start":{"line":112,"column":10},"end":{"line":112,"column":46}},"55":{"start":{"line":113,"column":10},"end":{"line":113,"column":32}}},"branchMap":{"1":{"line":33,"type":"if","locations":[{"start":{"line":33,"column":2},"end":{"line":33,"column":2}},{"start":{"line":33,"column":2},"end":{"line":33,"column":2}}]},"2":{"line":41,"type":"switch","locations":[{"start":{"line":42,"column":10},"end":{"line":45,"column":18}},{"start":{"line":46,"column":10},"end":{"line":49,"column":18}},{"start":{"line":50,"column":10},"end":{"line":51,"column":18}}]},"3":{"line":58,"type":"cond-expr","locations":[{"start":{"line":58,"column":35},"end":{"line":58,"column":45}},{"start":{"line":58,"column":48},"end":{"line":58,"column":58}}]},"4":{"line":62,"type":"if","locations":[{"start":{"line":62,"column":4},"end":{"line":62,"column":4}},{"start":{"line":62,"column":4},"end":{"line":62,"column":4}}]},"5":{"line":85,"type":"if","locations":[{"start":{"line":85,"column":4},"end":{"line":85,"column":4}},{"start":{"line":85,"column":4},"end":{"line":85,"column":4}}]},"6":{"line":93,"type":"if","locations":[{"start":{"line":93,"column":4},"end":{"line":93,"column":4}},{"start":{"line":93,"column":4},"end":{"line":93,"column":4}}]}},"code":["// Copyright IBM Corp. 2015,2016. All Rights Reserved.","// Node module: strong-supervisor","// This file is licensed under the Artistic License 2.0.","// License text available at https://opensource.org/licenses/Artistic-2.0","","'use strict';","","var EventEmitter = require('events').EventEmitter;","var assert = require('assert');","var debug = require('./debug')('watcher');","var fs = require('fs');","var path = require('path');","","var from = path.resolve(__dirname, 'watcher');","var files = fs.readdirSync(from);","","debug('watchers: %s', files);","","exports._watchers = files.map(function(f) {","  var watcher = require(path.resolve(from, f));","  watcher.name = f.replace('.js', '');","  return watcher;","});","","exports.start = function(parentCtl, cluster, clusterControl, config) {","  var bus;","","  // parentCtl is optional","  // cluster and strong-cluster-control are injected to allow mocking","  assert(cluster);","  assert(clusterControl);","","  if (cluster.isMaster) {","    bus = new EventEmitter;","","    clusterControl.on('fork', function(worker) {","      worker.on('message', function(msg) {","        var cmd = msg.cmd;","        msg = msg.msg;","","        switch (cmd) {","          case 'watcher:emit':","            debug('emit %j: %s', msg.cmd, debug.json(msg));","            bus.emit(msg.cmd, msg, worker);","            break;","          case 'watcher:send':","            debug('notify %j: %s', msg.cmd, debug.json(msg));","            parentCtl.notify(msg);","            break;","          default:","            break;","        }","      });","    });","  }","","  this._watchers.forEach(function(watcher) {","    var where = cluster.isWorker ? ':worker:' : ':master:';","","    var debug = require('./debug')('watcher' + where + watcher.name);","","    if (cluster.isWorker) {","      debug('init');","      watcher.worker({","        config: config,","        debug: debug,","        emit: function emit(msg) {","          debug('emit %s', debug.json(msg));","          cluster.worker.send({","            cmd: 'watcher:emit',","            msg: msg,","          });","        },","        send: function send(msg) {","          debug('send %s', debug.json(msg));","          cluster.worker.send({","            cmd: 'watcher:send',","            msg: msg,","          });","        },","      });","      return;","    }","","    if (!parentCtl) {","      debug('no parentctl');","      return;","    }","","    assert(cluster.isMaster);","","    debug('init: master? %j', !!watcher.master);","    if (watcher.master) {","      watcher.master({","        config: config,","        debug: debug,","        emit: function emit(msg) {","          // This is master, so fake a Worker object.","          var worker = {","            id: 0,","            startTime: clusterControl.startTime,","            process: process,","          };","          debug('emit %j: %s', msg.cmd, debug.json(msg));","          bus.emit(msg.cmd, msg, worker);","        },","        on: function on(event, listener) {","          debug('listen on %j', event);","          bus.on(event, listener);","        },","        send: function notify(msg) {","          debug('notify %s', debug.json(msg));","          parentCtl.notify(msg);","        },","      });","    }","","  });","};",""],"l":{"8":1,"9":1,"10":1,"11":1,"12":1,"14":1,"15":1,"17":1,"19":1,"20":4,"21":4,"22":4,"25":1,"26":0,"30":0,"31":0,"33":0,"34":0,"36":0,"37":0,"38":0,"39":0,"41":0,"43":0,"44":0,"45":0,"47":0,"48":0,"49":0,"51":0,"57":0,"58":0,"60":0,"62":0,"63":0,"64":0,"68":0,"69":0,"75":0,"76":0,"82":0,"85":0,"86":0,"87":0,"90":0,"92":0,"93":0,"94":0,"99":0,"104":0,"105":0,"108":0,"109":0,"112":0,"113":0}},"/home/travis/build/npmtest/node-npmtest-strong-supervisor/node_modules/strong-supervisor/lib/watcher/express-records.js":{"path":"/home/travis/build/npmtest/node-npmtest-strong-supervisor/node_modules/strong-supervisor/lib/watcher/express-records.js","s":{"1":1,"2":1,"3":0,"4":0},"b":{},"f":{"1":0,"2":0},"fnMap":{"1":{"name":"(anonymous_1)","line":10,"loc":{"start":{"line":10,"column":17},"end":{"line":10,"column":34}}},"2":{"name":"(anonymous_2)","line":11,"loc":{"start":{"line":11,"column":37},"end":{"line":11,"column":54}}}},"statementMap":{"1":{"start":{"line":8,"column":0},"end":{"line":8,"column":32}},"2":{"start":{"line":10,"column":0},"end":{"line":17,"column":2}},"3":{"start":{"line":11,"column":2},"end":{"line":16,"column":5}},"4":{"start":{"line":12,"column":4},"end":{"line":15,"column":7}}},"branchMap":{},"code":["// Copyright IBM Corp. 2015,2016. All Rights Reserved.","// Node module: strong-supervisor","// This file is licensed under the Artistic License 2.0.","// License text available at https://opensource.org/licenses/Artistic-2.0","","'use strict';","","var agent = require('../agent');","","exports.worker = function(handle) {","  agent().on('express:usage-record', function(record) {","    handle.send({","      cmd: 'express:usage-record',","      record: record","    });","  });","};",""],"l":{"8":1,"10":1,"11":0,"12":0}},"/home/travis/build/npmtest/node-npmtest-strong-supervisor/node_modules/strong-supervisor/lib/watcher/status-wd.js":{"path":"/home/travis/build/npmtest/node-npmtest-strong-supervisor/node_modules/strong-supervisor/lib/watcher/status-wd.js","s":{"1":1,"2":1,"3":1,"4":0,"5":0,"6":0,"7":0,"8":1,"9":0,"10":0,"11":0,"12":0},"b":{},"f":{"1":0,"2":0,"3":0,"4":0},"fnMap":{"1":{"name":"(anonymous_1)","line":11,"loc":{"start":{"line":11,"column":17},"end":{"line":11,"column":34}}},"2":{"name":"(anonymous_2)","line":12,"loc":{"start":{"line":12,"column":15},"end":{"line":12,"column":26}}},"3":{"name":"(anonymous_3)","line":27,"loc":{"start":{"line":27,"column":17},"end":{"line":27,"column":34}}},"4":{"name":"(anonymous_4)","line":28,"loc":{"start":{"line":28,"column":25},"end":{"line":28,"column":47}}}},"statementMap":{"1":{"start":{"line":8,"column":0},"end":{"line":8,"column":28}},"2":{"start":{"line":9,"column":0},"end":{"line":9,"column":34}},"3":{"start":{"line":11,"column":0},"end":{"line":25,"column":2}},"4":{"start":{"line":12,"column":2},"end":{"line":24,"column":5}},"5":{"start":{"line":13,"column":4},"end":{"line":19,"column":6}},"6":{"start":{"line":21,"column":4},"end":{"line":21,"column":28}},"7":{"start":{"line":23,"column":4},"end":{"line":23,"column":20}},"8":{"start":{"line":27,"column":0},"end":{"line":35,"column":2}},"9":{"start":{"line":28,"column":2},"end":{"line":34,"column":5}},"10":{"start":{"line":31,"column":4},"end":{"line":31,"column":31}},"11":{"start":{"line":32,"column":4},"end":{"line":32,"column":24}},"12":{"start":{"line":33,"column":4},"end":{"line":33,"column":21}}},"branchMap":{},"code":["// Copyright IBM Corp. 2015,2016. All Rights Reserved.","// Node module: strong-supervisor","// This file is licensed under the Artistic License 2.0.","// License text available at https://opensource.org/licenses/Artistic-2.0","","'use strict';","","var app = require('../app');","var tracer = require('../tracer');","","exports.worker = function(handle) {","  setImmediate(function() {","    var wd = {","      cmd: 'status:wd',","      pwd: process.env.PWD,","      cwd: process.cwd(),","      pid: process.pid,","      isTracing: !!tracer(),","    };","","    wd.appName = app.name();","","    handle.emit(wd);","  });","};","","exports.master = function(handle) {","  handle.on('status:wd', function(msg, worker) {","    // Mix-in the worker identity: startTime is known only in the master, and","    // worker.id is just convenient to do here.","    msg.pst = worker.startTime;","    msg.wid = worker.id;","    handle.send(msg);","  });","};",""],"l":{"8":1,"9":1,"11":1,"12":0,"13":0,"21":0,"23":0,"27":1,"28":0,"31":0,"32":0,"33":0}},"/home/travis/build/npmtest/node-npmtest-strong-supervisor/node_modules/strong-supervisor/lib/watcher/trace-object.js":{"path":"/home/travis/build/npmtest/node-npmtest-strong-supervisor/node_modules/strong-supervisor/lib/watcher/trace-object.js","s":{"1":1,"2":1,"3":1,"4":0,"5":0,"6":0,"7":0,"8":0,"9":0,"10":0,"11":0,"12":0},"b":{"1":[0,0],"2":[0,0]},"f":{"1":0,"2":0},"fnMap":{"1":{"name":"(anonymous_1)","line":11,"loc":{"start":{"line":11,"column":17},"end":{"line":11,"column":34}}},"2":{"name":"(anonymous_2)","line":25,"loc":{"start":{"line":25,"column":30},"end":{"line":25,"column":47}}}},"statementMap":{"1":{"start":{"line":8,"column":0},"end":{"line":8,"column":33}},"2":{"start":{"line":9,"column":0},"end":{"line":9,"column":34}},"3":{"start":{"line":11,"column":0},"end":{"line":31,"column":2}},"4":{"start":{"line":12,"column":2},"end":{"line":12,"column":29}},"5":{"start":{"line":14,"column":2},"end":{"line":17,"column":3}},"6":{"start":{"line":15,"column":4},"end":{"line":15,"column":40}},"7":{"start":{"line":16,"column":4},"end":{"line":16,"column":11}},"8":{"start":{"line":19,"column":2},"end":{"line":23,"column":3}},"9":{"start":{"line":20,"column":4},"end":{"line":21,"column":25}},"10":{"start":{"line":22,"column":4},"end":{"line":22,"column":11}},"11":{"start":{"line":25,"column":2},"end":{"line":30,"column":5}},"12":{"start":{"line":26,"column":4},"end":{"line":29,"column":7}}},"branchMap":{"1":{"line":14,"type":"if","locations":[{"start":{"line":14,"column":2},"end":{"line":14,"column":2}},{"start":{"line":14,"column":2},"end":{"line":14,"column":2}}]},"2":{"line":19,"type":"if","locations":[{"start":{"line":19,"column":2},"end":{"line":19,"column":2}},{"start":{"line":19,"column":2},"end":{"line":19,"column":2}}]}},"code":["// Copyright IBM Corp. 2015,2016. All Rights Reserved.","// Node module: strong-supervisor","// This file is licensed under the Artistic License 2.0.","// License text available at https://opensource.org/licenses/Artistic-2.0","","'use strict';","","var cluster = require('cluster');","var tracer = require('../tracer');","","exports.worker = function(handle) {","  var config = handle.config;","","  if (!config.enableTracing) {","    handle.debug('tracing is disabled');","    return;","  }","","  if (!tracer()) {","    console.error('Did not start trace object on worker %d, license missing?',","      cluster.worker.id);","    return;","  }","","  tracer().on('trace:object', function(record) {","    handle.send({","      cmd: 'trace:object',","      record: JSON.stringify(record),","    });","  });","};",""],"l":{"8":1,"9":1,"11":1,"12":0,"14":0,"15":0,"16":0,"19":0,"20":0,"22":0,"25":0,"26":0}}}